ARM GAS  C:\Users\giris\AppData\Local\Temp\ccGOUGxa.s 			page 1


   1              		.syntax unified
   2              		.cpu cortex-m3
   3              		.fpu softvfp
   4              		.eabi_attribute 20, 1
   5              		.eabi_attribute 21, 1
   6              		.eabi_attribute 23, 3
   7              		.eabi_attribute 24, 1
   8              		.eabi_attribute 25, 1
   9              		.eabi_attribute 26, 1
  10              		.eabi_attribute 30, 1
  11              		.eabi_attribute 34, 1
  12              		.eabi_attribute 18, 4
  13              		.thumb
  14              		.syntax unified
  15              		.file	"cymetadata.c"
  16              		.text
  17              	.Ltext0:
  18              		.cfi_sections	.debug_frame
  19              		.global	cy_metadata
  20              		.global	cy_meta_flashprotect
  21              		.global	cy_meta_wonvl
  22              		.global	cy_meta_custnvl
  23              		.global	cy_meta_configecc
  24              		.section	.cyconfigecc,"a",%progbits
  25              		.align	2
  26              		.type	cy_meta_configecc, %object
  27              		.size	cy_meta_configecc, 2008
  28              	cy_meta_configecc:
  29 0000 01       		.byte	1
  30 0001 45       		.byte	69
  31 0002 00       		.byte	0
  32 0003 40       		.byte	64
  33 0004 04       		.byte	4
  34 0005 52       		.byte	82
  35 0006 00       		.byte	0
  36 0007 40       		.byte	64
  37 0008 01       		.byte	1
  38 0009 5B       		.byte	91
  39 000a 00       		.byte	0
  40 000b 40       		.byte	64
  41 000c 04       		.byte	4
  42 000d 64       		.byte	100
  43 000e 00       		.byte	0
  44 000f 40       		.byte	64
  45 0010 01       		.byte	1
  46 0011 65       		.byte	101
  47 0012 00       		.byte	0
  48 0013 40       		.byte	64
  49 0014 01       		.byte	1
  50 0015 05       		.byte	5
  51 0016 01       		.byte	1
  52 0017 40       		.byte	64
  53 0018 1A       		.byte	26
  54 0019 06       		.byte	6
  55 001a 01       		.byte	1
  56 001b 40       		.byte	64
  57 001c 39       		.byte	57
ARM GAS  C:\Users\giris\AppData\Local\Temp\ccGOUGxa.s 			page 2


  58 001d 07       		.byte	7
  59 001e 01       		.byte	1
  60 001f 40       		.byte	64
  61 0020 2A       		.byte	42
  62 0021 08       		.byte	8
  63 0022 01       		.byte	1
  64 0023 40       		.byte	64
  65 0024 41       		.byte	65
  66 0025 09       		.byte	9
  67 0026 01       		.byte	1
  68 0027 40       		.byte	64
  69 0028 3B       		.byte	59
  70 0029 0A       		.byte	10
  71 002a 01       		.byte	1
  72 002b 40       		.byte	64
  73 002c 39       		.byte	57
  74 002d 0B       		.byte	11
  75 002e 01       		.byte	1
  76 002f 40       		.byte	64
  77 0030 39       		.byte	57
  78 0031 0C       		.byte	12
  79 0032 01       		.byte	1
  80 0033 40       		.byte	64
  81 0034 3D       		.byte	61
  82 0035 0D       		.byte	13
  83 0036 01       		.byte	1
  84 0037 40       		.byte	64
  85 0038 26       		.byte	38
  86 0039 0E       		.byte	14
  87 003a 01       		.byte	1
  88 003b 40       		.byte	64
  89 003c 2C       		.byte	44
  90 003d 0F       		.byte	15
  91 003e 01       		.byte	1
  92 003f 40       		.byte	64
  93 0040 07       		.byte	7
  94 0041 15       		.byte	21
  95 0042 01       		.byte	1
  96 0043 40       		.byte	64
  97 0044 23       		.byte	35
  98 0045 16       		.byte	22
  99 0046 01       		.byte	1
 100 0047 40       		.byte	64
 101 0048 42       		.byte	66
 102 0049 17       		.byte	23
 103 004a 01       		.byte	1
 104 004b 40       		.byte	64
 105 004c 33       		.byte	51
 106 004d 18       		.byte	24
 107 004e 01       		.byte	1
 108 004f 40       		.byte	64
 109 0050 40       		.byte	64
 110 0051 19       		.byte	25
 111 0052 01       		.byte	1
 112 0053 40       		.byte	64
 113 0054 2F       		.byte	47
 114 0055 1A       		.byte	26
ARM GAS  C:\Users\giris\AppData\Local\Temp\ccGOUGxa.s 			page 3


 115 0056 01       		.byte	1
 116 0057 40       		.byte	64
 117 0058 38       		.byte	56
 118 0059 1B       		.byte	27
 119 005a 01       		.byte	1
 120 005b 40       		.byte	64
 121 005c 08       		.byte	8
 122 005d 40       		.byte	64
 123 005e 01       		.byte	1
 124 005f 40       		.byte	64
 125 0060 06       		.byte	6
 126 0061 41       		.byte	65
 127 0062 01       		.byte	1
 128 0063 40       		.byte	64
 129 0064 07       		.byte	7
 130 0065 42       		.byte	66
 131 0066 01       		.byte	1
 132 0067 40       		.byte	64
 133 0068 08       		.byte	8
 134 0069 43       		.byte	67
 135 006a 01       		.byte	1
 136 006b 40       		.byte	64
 137 006c 02       		.byte	2
 138 006d 44       		.byte	68
 139 006e 01       		.byte	1
 140 006f 40       		.byte	64
 141 0070 03       		.byte	3
 142 0071 45       		.byte	69
 143 0072 01       		.byte	1
 144 0073 40       		.byte	64
 145 0074 08       		.byte	8
 146 0075 46       		.byte	70
 147 0076 01       		.byte	1
 148 0077 40       		.byte	64
 149 0078 05       		.byte	5
 150 0079 47       		.byte	71
 151 007a 01       		.byte	1
 152 007b 40       		.byte	64
 153 007c 03       		.byte	3
 154 007d 48       		.byte	72
 155 007e 01       		.byte	1
 156 007f 40       		.byte	64
 157 0080 01       		.byte	1
 158 0081 49       		.byte	73
 159 0082 01       		.byte	1
 160 0083 40       		.byte	64
 161 0084 01       		.byte	1
 162 0085 4C       		.byte	76
 163 0086 01       		.byte	1
 164 0087 40       		.byte	64
 165 0088 06       		.byte	6
 166 0089 4D       		.byte	77
 167 008a 01       		.byte	1
 168 008b 40       		.byte	64
 169 008c 09       		.byte	9
 170 008d 50       		.byte	80
 171 008e 01       		.byte	1
ARM GAS  C:\Users\giris\AppData\Local\Temp\ccGOUGxa.s 			page 4


 172 008f 40       		.byte	64
 173 0090 02       		.byte	2
 174 0091 51       		.byte	81
 175 0092 01       		.byte	1
 176 0093 40       		.byte	64
 177 0094 03       		.byte	3
 178 0095 01       		.byte	1
 179 0096 01       		.byte	1
 180 0097 02       		.byte	2
 181 0098 11       		.byte	17
 182 0099 10       		.byte	16
 183 009a 60       		.byte	96
 184 009b 80       		.byte	-128
 185 009c 64       		.byte	100
 186 009d 40       		.byte	64
 187 009e 27       		.byte	39
 188 009f 84       		.byte	-124
 189 00a0 87       		.byte	-121
 190 00a1 01       		.byte	1
 191 00a2 88       		.byte	-120
 192 00a3 38       		.byte	56
 193 00a4 8D       		.byte	-115
 194 00a5 0D       		.byte	13
 195 00a6 8E       		.byte	-114
 196 00a7 0F       		.byte	15
 197 00a8 88       		.byte	-120
 198 00a9 72       		.byte	114
 199 00aa 82       		.byte	-126
 200 00ab 01       		.byte	1
 201 00ac 00       		.byte	0
 202 00ad 03       		.byte	3
 203 00ae 08       		.byte	8
 204 00af 03       		.byte	3
 205 00b0 10       		.byte	16
 206 00b1 01       		.byte	1
 207 00b2 12       		.byte	18
 208 00b3 02       		.byte	2
 209 00b4 14       		.byte	20
 210 00b5 03       		.byte	3
 211 00b6 24       		.byte	36
 212 00b7 03       		.byte	3
 213 00b8 28       		.byte	40
 214 00b9 03       		.byte	3
 215 00ba 2E       		.byte	46
 216 00bb 03       		.byte	3
 217 00bc 30       		.byte	48
 218 00bd 02       		.byte	2
 219 00be 36       		.byte	54
 220 00bf 01       		.byte	1
 221 00c0 58       		.byte	88
 222 00c1 04       		.byte	4
 223 00c2 59       		.byte	89
 224 00c3 04       		.byte	4
 225 00c4 5F       		.byte	95
 226 00c5 01       		.byte	1
 227 00c6 81       		.byte	-127
 228 00c7 02       		.byte	2
ARM GAS  C:\Users\giris\AppData\Local\Temp\ccGOUGxa.s 			page 5


 229 00c8 8B       		.byte	-117
 230 00c9 01       		.byte	1
 231 00ca 95       		.byte	-107
 232 00cb 02       		.byte	2
 233 00cc B1       		.byte	-79
 234 00cd 02       		.byte	2
 235 00ce B3       		.byte	-77
 236 00cf 01       		.byte	1
 237 00d0 B9       		.byte	-71
 238 00d1 02       		.byte	2
 239 00d2 BF       		.byte	-65
 240 00d3 01       		.byte	1
 241 00d4 D6       		.byte	-42
 242 00d5 02       		.byte	2
 243 00d6 D7       		.byte	-41
 244 00d7 3E       		.byte	62
 245 00d8 D8       		.byte	-40
 246 00d9 04       		.byte	4
 247 00da D9       		.byte	-39
 248 00db 04       		.byte	4
 249 00dc DB       		.byte	-37
 250 00dd 0D       		.byte	13
 251 00de DF       		.byte	-33
 252 00df 01       		.byte	1
 253 00e0 00       		.byte	0
 254 00e1 18       		.byte	24
 255 00e2 04       		.byte	4
 256 00e3 10       		.byte	16
 257 00e4 05       		.byte	5
 258 00e5 02       		.byte	2
 259 00e6 09       		.byte	9
 260 00e7 08       		.byte	8
 261 00e8 0A       		.byte	10
 262 00e9 82       		.byte	-126
 263 00ea 0D       		.byte	13
 264 00eb 08       		.byte	8
 265 00ec 0F       		.byte	15
 266 00ed 40       		.byte	64
 267 00ee 12       		.byte	18
 268 00ef 80       		.byte	-128
 269 00f0 13       		.byte	19
 270 00f1 80       		.byte	-128
 271 00f2 16       		.byte	22
 272 00f3 28       		.byte	40
 273 00f4 17       		.byte	23
 274 00f5 80       		.byte	-128
 275 00f6 1E       		.byte	30
 276 00f7 82       		.byte	-126
 277 00f8 20       		.byte	32
 278 00f9 40       		.byte	64
 279 00fa 21       		.byte	33
 280 00fb 08       		.byte	8
 281 00fc 29       		.byte	41
 282 00fd 02       		.byte	2
 283 00fe 2A       		.byte	42
 284 00ff 20       		.byte	32
 285 0100 2B       		.byte	43
ARM GAS  C:\Users\giris\AppData\Local\Temp\ccGOUGxa.s 			page 6


 286 0101 10       		.byte	16
 287 0102 2D       		.byte	45
 288 0103 02       		.byte	2
 289 0104 2E       		.byte	46
 290 0105 20       		.byte	32
 291 0106 32       		.byte	50
 292 0107 50       		.byte	80
 293 0108 33       		.byte	51
 294 0109 04       		.byte	4
 295 010a 36       		.byte	54
 296 010b 02       		.byte	2
 297 010c 37       		.byte	55
 298 010d 80       		.byte	-128
 299 010e 39       		.byte	57
 300 010f 90       		.byte	-112
 301 0110 3A       		.byte	58
 302 0111 08       		.byte	8
 303 0112 3B       		.byte	59
 304 0113 01       		.byte	1
 305 0114 3C       		.byte	60
 306 0115 10       		.byte	16
 307 0116 3E       		.byte	62
 308 0117 08       		.byte	8
 309 0118 3F       		.byte	63
 310 0119 60       		.byte	96
 311 011a 5B       		.byte	91
 312 011b 04       		.byte	4
 313 011c 60       		.byte	96
 314 011d 40       		.byte	64
 315 011e 68       		.byte	104
 316 011f 42       		.byte	66
 317 0120 69       		.byte	105
 318 0121 10       		.byte	16
 319 0122 6A       		.byte	106
 320 0123 0C       		.byte	12
 321 0124 73       		.byte	115
 322 0125 06       		.byte	6
 323 0126 79       		.byte	121
 324 0127 20       		.byte	32
 325 0128 82       		.byte	-126
 326 0129 40       		.byte	64
 327 012a 83       		.byte	-125
 328 012b 01       		.byte	1
 329 012c 86       		.byte	-122
 330 012d 40       		.byte	64
 331 012e 8A       		.byte	-118
 332 012f 04       		.byte	4
 333 0130 8B       		.byte	-117
 334 0131 04       		.byte	4
 335 0132 8D       		.byte	-115
 336 0133 42       		.byte	66
 337 0134 8E       		.byte	-114
 338 0135 80       		.byte	-128
 339 0136 8F       		.byte	-113
 340 0137 80       		.byte	-128
 341 0138 A6       		.byte	-90
 342 0139 01       		.byte	1
ARM GAS  C:\Users\giris\AppData\Local\Temp\ccGOUGxa.s 			page 7


 343 013a C0       		.byte	-64
 344 013b 56       		.byte	86
 345 013c C2       		.byte	-62
 346 013d 3D       		.byte	61
 347 013e C4       		.byte	-60
 348 013f E9       		.byte	-23
 349 0140 CA       		.byte	-54
 350 0141 A7       		.byte	-89
 351 0142 CC       		.byte	-52
 352 0143 9E       		.byte	-98
 353 0144 CE       		.byte	-50
 354 0145 7F       		.byte	127
 355 0146 D6       		.byte	-42
 356 0147 02       		.byte	2
 357 0148 D8       		.byte	-40
 358 0149 01       		.byte	1
 359 014a DE       		.byte	-34
 360 014b 04       		.byte	4
 361 014c E2       		.byte	-30
 362 014d 11       		.byte	17
 363 014e E4       		.byte	-28
 364 014f 01       		.byte	1
 365 0150 EE       		.byte	-18
 366 0151 04       		.byte	4
 367 0152 02       		.byte	2
 368 0153 08       		.byte	8
 369 0154 03       		.byte	3
 370 0155 20       		.byte	32
 371 0156 07       		.byte	7
 372 0157 04       		.byte	4
 373 0158 09       		.byte	9
 374 0159 04       		.byte	4
 375 015a 0A       		.byte	10
 376 015b 04       		.byte	4
 377 015c 0D       		.byte	13
 378 015d 08       		.byte	8
 379 015e 12       		.byte	18
 380 015f 08       		.byte	8
 381 0160 13       		.byte	19
 382 0161 10       		.byte	16
 383 0162 17       		.byte	23
 384 0163 03       		.byte	3
 385 0164 1A       		.byte	26
 386 0165 01       		.byte	1
 387 0166 1B       		.byte	27
 388 0167 08       		.byte	8
 389 0168 1D       		.byte	29
 390 0169 01       		.byte	1
 391 016a 1E       		.byte	30
 392 016b 04       		.byte	4
 393 016c 21       		.byte	33
 394 016d 20       		.byte	32
 395 016e 24       		.byte	36
 396 016f 01       		.byte	1
 397 0170 27       		.byte	39
 398 0171 40       		.byte	64
 399 0172 29       		.byte	41
ARM GAS  C:\Users\giris\AppData\Local\Temp\ccGOUGxa.s 			page 8


 400 0173 10       		.byte	16
 401 0174 2E       		.byte	46
 402 0175 02       		.byte	2
 403 0176 30       		.byte	48
 404 0177 08       		.byte	8
 405 0178 32       		.byte	50
 406 0179 04       		.byte	4
 407 017a 33       		.byte	51
 408 017b 7C       		.byte	124
 409 017c 34       		.byte	52
 410 017d 03       		.byte	3
 411 017e 35       		.byte	53
 412 017f 01       		.byte	1
 413 0180 37       		.byte	55
 414 0181 02       		.byte	2
 415 0182 39       		.byte	57
 416 0183 08       		.byte	8
 417 0184 3E       		.byte	62
 418 0185 05       		.byte	5
 419 0186 3F       		.byte	63
 420 0187 04       		.byte	4
 421 0188 54       		.byte	84
 422 0189 18       		.byte	24
 423 018a 58       		.byte	88
 424 018b 04       		.byte	4
 425 018c 59       		.byte	89
 426 018d 0C       		.byte	12
 427 018e 5B       		.byte	91
 428 018f 04       		.byte	4
 429 0190 5C       		.byte	92
 430 0191 09       		.byte	9
 431 0192 5D       		.byte	93
 432 0193 10       		.byte	16
 433 0194 5F       		.byte	95
 434 0195 01       		.byte	1
 435 0196 9B       		.byte	-101
 436 0197 01       		.byte	1
 437 0198 B5       		.byte	-75
 438 0199 01       		.byte	1
 439 019a D6       		.byte	-42
 440 019b 08       		.byte	8
 441 019c D8       		.byte	-40
 442 019d 04       		.byte	4
 443 019e D9       		.byte	-39
 444 019f 04       		.byte	4
 445 01a0 DB       		.byte	-37
 446 01a1 04       		.byte	4
 447 01a2 DD       		.byte	-35
 448 01a3 90       		.byte	-112
 449 01a4 DF       		.byte	-33
 450 01a5 01       		.byte	1
 451 01a6 03       		.byte	3
 452 01a7 49       		.byte	73
 453 01a8 04       		.byte	4
 454 01a9 20       		.byte	32
 455 01aa 06       		.byte	6
 456 01ab 40       		.byte	64
ARM GAS  C:\Users\giris\AppData\Local\Temp\ccGOUGxa.s 			page 9


 457 01ac 09       		.byte	9
 458 01ad 10       		.byte	16
 459 01ae 0A       		.byte	10
 460 01af 20       		.byte	32
 461 01b0 0D       		.byte	13
 462 01b1 02       		.byte	2
 463 01b2 0E       		.byte	14
 464 01b3 09       		.byte	9
 465 01b4 11       		.byte	17
 466 01b5 01       		.byte	1
 467 01b6 13       		.byte	19
 468 01b7 20       		.byte	32
 469 01b8 14       		.byte	20
 470 01b9 02       		.byte	2
 471 01ba 17       		.byte	23
 472 01bb 04       		.byte	4
 473 01bc 1E       		.byte	30
 474 01bd 08       		.byte	8
 475 01be 1F       		.byte	31
 476 01bf 05       		.byte	5
 477 01c0 22       		.byte	34
 478 01c1 10       		.byte	16
 479 01c2 24       		.byte	36
 480 01c3 08       		.byte	8
 481 01c4 25       		.byte	37
 482 01c5 08       		.byte	8
 483 01c6 26       		.byte	38
 484 01c7 40       		.byte	64
 485 01c8 27       		.byte	39
 486 01c9 24       		.byte	36
 487 01ca 2B       		.byte	43
 488 01cb 08       		.byte	8
 489 01cc 2D       		.byte	45
 490 01cd 29       		.byte	41
 491 01ce 2F       		.byte	47
 492 01cf 08       		.byte	8
 493 01d0 31       		.byte	49
 494 01d1 08       		.byte	8
 495 01d2 32       		.byte	50
 496 01d3 20       		.byte	32
 497 01d4 33       		.byte	51
 498 01d5 41       		.byte	65
 499 01d6 36       		.byte	54
 500 01d7 66       		.byte	102
 501 01d8 38       		.byte	56
 502 01d9 10       		.byte	16
 503 01da 39       		.byte	57
 504 01db 41       		.byte	65
 505 01dc 3B       		.byte	59
 506 01dd 80       		.byte	-128
 507 01de 3C       		.byte	60
 508 01df 10       		.byte	16
 509 01e0 3D       		.byte	61
 510 01e1 60       		.byte	96
 511 01e2 3E       		.byte	62
 512 01e3 06       		.byte	6
 513 01e4 3F       		.byte	63
ARM GAS  C:\Users\giris\AppData\Local\Temp\ccGOUGxa.s 			page 10


 514 01e5 20       		.byte	32
 515 01e6 5A       		.byte	90
 516 01e7 40       		.byte	64
 517 01e8 5C       		.byte	92
 518 01e9 01       		.byte	1
 519 01ea 60       		.byte	96
 520 01eb 02       		.byte	2
 521 01ec 67       		.byte	103
 522 01ed 0A       		.byte	10
 523 01ee 7D       		.byte	125
 524 01ef 80       		.byte	-128
 525 01f0 81       		.byte	-127
 526 01f1 80       		.byte	-128
 527 01f2 83       		.byte	-125
 528 01f3 40       		.byte	64
 529 01f4 8A       		.byte	-118
 530 01f5 06       		.byte	6
 531 01f6 8C       		.byte	-116
 532 01f7 84       		.byte	-124
 533 01f8 8D       		.byte	-115
 534 01f9 40       		.byte	64
 535 01fa 8E       		.byte	-114
 536 01fb 10       		.byte	16
 537 01fc 8F       		.byte	-113
 538 01fd 20       		.byte	32
 539 01fe 95       		.byte	-107
 540 01ff 41       		.byte	65
 541 0200 97       		.byte	-105
 542 0201 80       		.byte	-128
 543 0202 9C       		.byte	-100
 544 0203 80       		.byte	-128
 545 0204 9D       		.byte	-99
 546 0205 20       		.byte	32
 547 0206 9F       		.byte	-97
 548 0207 61       		.byte	97
 549 0208 A5       		.byte	-91
 550 0209 40       		.byte	64
 551 020a A7       		.byte	-89
 552 020b 10       		.byte	16
 553 020c C0       		.byte	-64
 554 020d 5B       		.byte	91
 555 020e C2       		.byte	-62
 556 020f D6       		.byte	-42
 557 0210 C4       		.byte	-60
 558 0211 AA       		.byte	-86
 559 0212 CA       		.byte	-54
 560 0213 E4       		.byte	-28
 561 0214 CC       		.byte	-52
 562 0215 FF       		.byte	-1
 563 0216 CE       		.byte	-50
 564 0217 FD       		.byte	-3
 565 0218 D6       		.byte	-42
 566 0219 88       		.byte	-120
 567 021a D8       		.byte	-40
 568 021b 38       		.byte	56
 569 021c DE       		.byte	-34
 570 021d 10       		.byte	16
ARM GAS  C:\Users\giris\AppData\Local\Temp\ccGOUGxa.s 			page 11


 571 021e E0       		.byte	-32
 572 021f 80       		.byte	-128
 573 0220 E2       		.byte	-30
 574 0221 51       		.byte	81
 575 0222 E4       		.byte	-28
 576 0223 20       		.byte	32
 577 0224 E6       		.byte	-26
 578 0225 10       		.byte	16
 579 0226 EE       		.byte	-18
 580 0227 04       		.byte	4
 581 0228 02       		.byte	2
 582 0229 03       		.byte	3
 583 022a 04       		.byte	4
 584 022b 0C       		.byte	12
 585 022c 05       		.byte	5
 586 022d 23       		.byte	35
 587 022e 06       		.byte	6
 588 022f 71       		.byte	113
 589 0230 07       		.byte	7
 590 0231 04       		.byte	4
 591 0232 0B       		.byte	11
 592 0233 08       		.byte	8
 593 0234 0C       		.byte	12
 594 0235 DC       		.byte	-36
 595 0236 0D       		.byte	13
 596 0237 0A       		.byte	10
 597 0238 0E       		.byte	14
 598 0239 22       		.byte	34
 599 023a 0F       		.byte	15
 600 023b 24       		.byte	36
 601 023c 14       		.byte	20
 602 023d 10       		.byte	16
 603 023e 15       		.byte	21
 604 023f 23       		.byte	35
 605 0240 16       		.byte	22
 606 0241 AC       		.byte	-84
 607 0242 17       		.byte	23
 608 0243 0C       		.byte	12
 609 0244 18       		.byte	24
 610 0245 09       		.byte	9
 611 0246 1A       		.byte	26
 612 0247 D0       		.byte	-48
 613 0248 1C       		.byte	28
 614 0249 10       		.byte	16
 615 024a 1D       		.byte	29
 616 024b 03       		.byte	3
 617 024c 1E       		.byte	30
 618 024d 40       		.byte	64
 619 024e 1F       		.byte	31
 620 024f 04       		.byte	4
 621 0250 21       		.byte	33
 622 0251 10       		.byte	16
 623 0252 24       		.byte	36
 624 0253 14       		.byte	20
 625 0254 29       		.byte	41
 626 0255 40       		.byte	64
 627 0256 2A       		.byte	42
ARM GAS  C:\Users\giris\AppData\Local\Temp\ccGOUGxa.s 			page 12


 628 0257 20       		.byte	32
 629 0258 2B       		.byte	43
 630 0259 05       		.byte	5
 631 025a 30       		.byte	48
 632 025b 1F       		.byte	31
 633 025c 31       		.byte	49
 634 025d 10       		.byte	16
 635 025e 33       		.byte	51
 636 025f 0F       		.byte	15
 637 0260 34       		.byte	52
 638 0261 E0       		.byte	-32
 639 0262 35       		.byte	53
 640 0263 60       		.byte	96
 641 0264 39       		.byte	57
 642 0265 20       		.byte	32
 643 0266 3A       		.byte	58
 644 0267 20       		.byte	32
 645 0268 3B       		.byte	59
 646 0269 08       		.byte	8
 647 026a 3F       		.byte	63
 648 026b 01       		.byte	1
 649 026c 40       		.byte	64
 650 026d 36       		.byte	54
 651 026e 41       		.byte	65
 652 026f 02       		.byte	2
 653 0270 45       		.byte	69
 654 0271 EB       		.byte	-21
 655 0272 46       		.byte	70
 656 0273 0C       		.byte	12
 657 0274 48       		.byte	72
 658 0275 07       		.byte	7
 659 0276 49       		.byte	73
 660 0277 FF       		.byte	-1
 661 0278 4A       		.byte	74
 662 0279 FF       		.byte	-1
 663 027a 4B       		.byte	75
 664 027b FF       		.byte	-1
 665 027c 4E       		.byte	78
 666 027d F0       		.byte	-16
 667 027e 4F       		.byte	79
 668 027f 44       		.byte	68
 669 0280 50       		.byte	80
 670 0281 0C       		.byte	12
 671 0282 58       		.byte	88
 672 0283 04       		.byte	4
 673 0284 59       		.byte	89
 674 0285 04       		.byte	4
 675 0286 5A       		.byte	90
 676 0287 04       		.byte	4
 677 0288 5C       		.byte	92
 678 0289 11       		.byte	17
 679 028a 5D       		.byte	93
 680 028b 01       		.byte	1
 681 028c 5F       		.byte	95
 682 028d 01       		.byte	1
 683 028e 66       		.byte	102
 684 028f C0       		.byte	-64
ARM GAS  C:\Users\giris\AppData\Local\Temp\ccGOUGxa.s 			page 13


 685 0290 6A       		.byte	106
 686 0291 40       		.byte	64
 687 0292 6B       		.byte	107
 688 0293 02       		.byte	2
 689 0294 D4       		.byte	-44
 690 0295 01       		.byte	1
 691 0296 D8       		.byte	-40
 692 0297 04       		.byte	4
 693 0298 D9       		.byte	-39
 694 0299 04       		.byte	4
 695 029a DB       		.byte	-37
 696 029b 0C       		.byte	12
 697 029c DF       		.byte	-33
 698 029d 01       		.byte	1
 699 029e 00       		.byte	0
 700 029f 44       		.byte	68
 701 02a0 01       		.byte	1
 702 02a1 02       		.byte	2
 703 02a2 05       		.byte	5
 704 02a3 20       		.byte	32
 705 02a4 07       		.byte	7
 706 02a5 61       		.byte	97
 707 02a6 09       		.byte	9
 708 02a7 08       		.byte	8
 709 02a8 0B       		.byte	11
 710 02a9 06       		.byte	6
 711 02aa 0F       		.byte	15
 712 02ab 20       		.byte	32
 713 02ac 10       		.byte	16
 714 02ad 28       		.byte	40
 715 02ae 15       		.byte	21
 716 02af 41       		.byte	65
 717 02b0 18       		.byte	24
 718 02b1 04       		.byte	4
 719 02b2 19       		.byte	25
 720 02b3 02       		.byte	2
 721 02b4 20       		.byte	32
 722 02b5 80       		.byte	-128
 723 02b6 21       		.byte	33
 724 02b7 18       		.byte	24
 725 02b8 23       		.byte	35
 726 02b9 04       		.byte	4
 727 02ba 29       		.byte	41
 728 02bb 12       		.byte	18
 729 02bc 2D       		.byte	45
 730 02bd 20       		.byte	32
 731 02be 2F       		.byte	47
 732 02bf 40       		.byte	64
 733 02c0 30       		.byte	48
 734 02c1 80       		.byte	-128
 735 02c2 31       		.byte	49
 736 02c3 08       		.byte	8
 737 02c4 37       		.byte	55
 738 02c5 61       		.byte	97
 739 02c6 38       		.byte	56
 740 02c7 44       		.byte	68
 741 02c8 39       		.byte	57
ARM GAS  C:\Users\giris\AppData\Local\Temp\ccGOUGxa.s 			page 14


 742 02c9 20       		.byte	32
 743 02ca 3D       		.byte	61
 744 02cb 01       		.byte	1
 745 02cc 3F       		.byte	63
 746 02cd 20       		.byte	32
 747 02ce 40       		.byte	64
 748 02cf 04       		.byte	4
 749 02d0 41       		.byte	65
 750 02d1 08       		.byte	8
 751 02d2 48       		.byte	72
 752 02d3 28       		.byte	40
 753 02d4 49       		.byte	73
 754 02d5 10       		.byte	16
 755 02d6 4A       		.byte	74
 756 02d7 84       		.byte	-124
 757 02d8 50       		.byte	80
 758 02d9 80       		.byte	-128
 759 02da 5C       		.byte	92
 760 02db 80       		.byte	-128
 761 02dc 7D       		.byte	125
 762 02dd 80       		.byte	-128
 763 02de 84       		.byte	-124
 764 02df 40       		.byte	64
 765 02e0 90       		.byte	-112
 766 02e1 40       		.byte	64
 767 02e2 93       		.byte	-109
 768 02e3 02       		.byte	2
 769 02e4 94       		.byte	-108
 770 02e5 04       		.byte	4
 771 02e6 95       		.byte	-107
 772 02e7 21       		.byte	33
 773 02e8 97       		.byte	-105
 774 02e9 80       		.byte	-128
 775 02ea 9D       		.byte	-99
 776 02eb 20       		.byte	32
 777 02ec 9F       		.byte	-97
 778 02ed 61       		.byte	97
 779 02ee A2       		.byte	-94
 780 02ef 04       		.byte	4
 781 02f0 A4       		.byte	-92
 782 02f1 80       		.byte	-128
 783 02f2 A5       		.byte	-91
 784 02f3 08       		.byte	8
 785 02f4 A6       		.byte	-90
 786 02f5 80       		.byte	-128
 787 02f6 A7       		.byte	-89
 788 02f7 10       		.byte	16
 789 02f8 B6       		.byte	-74
 790 02f9 10       		.byte	16
 791 02fa C0       		.byte	-64
 792 02fb FD       		.byte	-3
 793 02fc C2       		.byte	-62
 794 02fd 27       		.byte	39
 795 02fe C4       		.byte	-60
 796 02ff 96       		.byte	-106
 797 0300 CA       		.byte	-54
 798 0301 A5       		.byte	-91
ARM GAS  C:\Users\giris\AppData\Local\Temp\ccGOUGxa.s 			page 15


 799 0302 CC       		.byte	-52
 800 0303 BA       		.byte	-70
 801 0304 CE       		.byte	-50
 802 0305 AE       		.byte	-82
 803 0306 D0       		.byte	-48
 804 0307 06       		.byte	6
 805 0308 D2       		.byte	-46
 806 0309 04       		.byte	4
 807 030a D6       		.byte	-42
 808 030b 10       		.byte	16
 809 030c DE       		.byte	-34
 810 030d 10       		.byte	16
 811 030e E0       		.byte	-32
 812 030f 02       		.byte	2
 813 0310 58       		.byte	88
 814 0311 04       		.byte	4
 815 0312 59       		.byte	89
 816 0313 04       		.byte	4
 817 0314 5F       		.byte	95
 818 0315 01       		.byte	1
 819 0316 80       		.byte	-128
 820 0317 08       		.byte	8
 821 0318 85       		.byte	-123
 822 0319 01       		.byte	1
 823 031a 86       		.byte	-122
 824 031b 01       		.byte	1
 825 031c 87       		.byte	-121
 826 031d 0E       		.byte	14
 827 031e 8B       		.byte	-117
 828 031f 0C       		.byte	12
 829 0320 8D       		.byte	-115
 830 0321 0C       		.byte	12
 831 0322 8F       		.byte	-113
 832 0323 03       		.byte	3
 833 0324 92       		.byte	-110
 834 0325 02       		.byte	2
 835 0326 95       		.byte	-107
 836 0327 01       		.byte	1
 837 0328 96       		.byte	-106
 838 0329 0D       		.byte	13
 839 032a 97       		.byte	-105
 840 032b 06       		.byte	6
 841 032c 9B       		.byte	-101
 842 032d 03       		.byte	3
 843 032e 9D       		.byte	-99
 844 032f 10       		.byte	16
 845 0330 A3       		.byte	-93
 846 0331 08       		.byte	8
 847 0332 AB       		.byte	-85
 848 0333 20       		.byte	32
 849 0334 AF       		.byte	-81
 850 0335 20       		.byte	32
 851 0336 B0       		.byte	-80
 852 0337 08       		.byte	8
 853 0338 B1       		.byte	-79
 854 0339 0F       		.byte	15
 855 033a B2       		.byte	-78
ARM GAS  C:\Users\giris\AppData\Local\Temp\ccGOUGxa.s 			page 16


 856 033b 01       		.byte	1
 857 033c B3       		.byte	-77
 858 033d 10       		.byte	16
 859 033e B4       		.byte	-76
 860 033f 02       		.byte	2
 861 0340 B5       		.byte	-75
 862 0341 20       		.byte	32
 863 0342 B6       		.byte	-74
 864 0343 04       		.byte	4
 865 0344 BB       		.byte	-69
 866 0345 02       		.byte	2
 867 0346 BF       		.byte	-65
 868 0347 14       		.byte	20
 869 0348 C0       		.byte	-64
 870 0349 60       		.byte	96
 871 034a C1       		.byte	-63
 872 034b 04       		.byte	4
 873 034c C5       		.byte	-59
 874 034d D0       		.byte	-48
 875 034e C6       		.byte	-58
 876 034f 12       		.byte	18
 877 0350 C8       		.byte	-56
 878 0351 0E       		.byte	14
 879 0352 C9       		.byte	-55
 880 0353 FF       		.byte	-1
 881 0354 CA       		.byte	-54
 882 0355 FF       		.byte	-1
 883 0356 CB       		.byte	-53
 884 0357 FF       		.byte	-1
 885 0358 CD       		.byte	-51
 886 0359 A0       		.byte	-96
 887 035a CF       		.byte	-49
 888 035b 04       		.byte	4
 889 035c D0       		.byte	-48
 890 035d 18       		.byte	24
 891 035e D2       		.byte	-46
 892 035f 80       		.byte	-128
 893 0360 D4       		.byte	-44
 894 0361 05       		.byte	5
 895 0362 D8       		.byte	-40
 896 0363 04       		.byte	4
 897 0364 D9       		.byte	-39
 898 0365 04       		.byte	4
 899 0366 DA       		.byte	-38
 900 0367 04       		.byte	4
 901 0368 DB       		.byte	-37
 902 0369 04       		.byte	4
 903 036a DC       		.byte	-36
 904 036b 12       		.byte	18
 905 036c DD       		.byte	-35
 906 036d 22       		.byte	34
 907 036e DF       		.byte	-33
 908 036f 01       		.byte	1
 909 0370 E0       		.byte	-32
 910 0371 40       		.byte	64
 911 0372 E2       		.byte	-30
 912 0373 C0       		.byte	-64
ARM GAS  C:\Users\giris\AppData\Local\Temp\ccGOUGxa.s 			page 17


 913 0374 E4       		.byte	-28
 914 0375 40       		.byte	64
 915 0376 E5       		.byte	-27
 916 0377 40       		.byte	64
 917 0378 E6       		.byte	-26
 918 0379 C0       		.byte	-64
 919 037a E8       		.byte	-24
 920 037b C0       		.byte	-64
 921 037c EA       		.byte	-22
 922 037d C0       		.byte	-64
 923 037e EC       		.byte	-20
 924 037f C0       		.byte	-64
 925 0380 EE       		.byte	-18
 926 0381 C0       		.byte	-64
 927 0382 03       		.byte	3
 928 0383 A0       		.byte	-96
 929 0384 05       		.byte	5
 930 0385 20       		.byte	32
 931 0386 07       		.byte	7
 932 0387 61       		.byte	97
 933 0388 0B       		.byte	11
 934 0389 60       		.byte	96
 935 038a 0F       		.byte	15
 936 038b 20       		.byte	32
 937 038c 12       		.byte	18
 938 038d 80       		.byte	-128
 939 038e 13       		.byte	19
 940 038f 02       		.byte	2
 941 0390 15       		.byte	21
 942 0391 01       		.byte	1
 943 0392 16       		.byte	22
 944 0393 02       		.byte	2
 945 0394 19       		.byte	25
 946 0395 10       		.byte	16
 947 0396 1A       		.byte	26
 948 0397 50       		.byte	80
 949 0398 1B       		.byte	27
 950 0399 A0       		.byte	-96
 951 039a 20       		.byte	32
 952 039b C0       		.byte	-64
 953 039c 22       		.byte	34
 954 039d 04       		.byte	4
 955 039e 23       		.byte	35
 956 039f 08       		.byte	8
 957 03a0 29       		.byte	41
 958 03a1 12       		.byte	18
 959 03a2 2A       		.byte	42
 960 03a3 40       		.byte	64
 961 03a4 2B       		.byte	43
 962 03a5 02       		.byte	2
 963 03a6 2D       		.byte	45
 964 03a7 20       		.byte	32
 965 03a8 2E       		.byte	46
 966 03a9 02       		.byte	2
 967 03aa 2F       		.byte	47
 968 03ab 40       		.byte	64
 969 03ac 30       		.byte	48
ARM GAS  C:\Users\giris\AppData\Local\Temp\ccGOUGxa.s 			page 18


 970 03ad 20       		.byte	32
 971 03ae 31       		.byte	49
 972 03af 08       		.byte	8
 973 03b0 32       		.byte	50
 974 03b1 80       		.byte	-128
 975 03b2 37       		.byte	55
 976 03b3 61       		.byte	97
 977 03b4 38       		.byte	56
 978 03b5 44       		.byte	68
 979 03b6 39       		.byte	57
 980 03b7 20       		.byte	32
 981 03b8 3D       		.byte	61
 982 03b9 21       		.byte	33
 983 03ba 3F       		.byte	63
 984 03bb 20       		.byte	32
 985 03bc 43       		.byte	67
 986 03bd 02       		.byte	2
 987 03be 49       		.byte	73
 988 03bf 11       		.byte	17
 989 03c0 52       		.byte	82
 990 03c1 40       		.byte	64
 991 03c2 53       		.byte	83
 992 03c3 10       		.byte	16
 993 03c4 59       		.byte	89
 994 03c5 01       		.byte	1
 995 03c6 5A       		.byte	90
 996 03c7 40       		.byte	64
 997 03c8 5B       		.byte	91
 998 03c9 08       		.byte	8
 999 03ca 73       		.byte	115
 1000 03cb 40       		.byte	64
 1001 03cc 93       		.byte	-109
 1002 03cd 02       		.byte	2
 1003 03ce 94       		.byte	-108
 1004 03cf 04       		.byte	4
 1005 03d0 95       		.byte	-107
 1006 03d1 01       		.byte	1
 1007 03d2 96       		.byte	-106
 1008 03d3 08       		.byte	8
 1009 03d4 97       		.byte	-105
 1010 03d5 80       		.byte	-128
 1011 03d6 99       		.byte	-103
 1012 03d7 02       		.byte	2
 1013 03d8 9D       		.byte	-99
 1014 03d9 20       		.byte	32
 1015 03da 9F       		.byte	-97
 1016 03db 63       		.byte	99
 1017 03dc A0       		.byte	-96
 1018 03dd 20       		.byte	32
 1019 03de A2       		.byte	-94
 1020 03df 04       		.byte	4
 1021 03e0 A4       		.byte	-92
 1022 03e1 C0       		.byte	-64
 1023 03e2 A5       		.byte	-91
 1024 03e3 18       		.byte	24
 1025 03e4 A7       		.byte	-89
 1026 03e5 10       		.byte	16
ARM GAS  C:\Users\giris\AppData\Local\Temp\ccGOUGxa.s 			page 19


 1027 03e6 A8       		.byte	-88
 1028 03e7 80       		.byte	-128
 1029 03e8 AB       		.byte	-85
 1030 03e9 10       		.byte	16
 1031 03ea C0       		.byte	-64
 1032 03eb FC       		.byte	-4
 1033 03ec C2       		.byte	-62
 1034 03ed 2C       		.byte	44
 1035 03ee C4       		.byte	-60
 1036 03ef 90       		.byte	-112
 1037 03f0 CA       		.byte	-54
 1038 03f1 AD       		.byte	-83
 1039 03f2 CC       		.byte	-52
 1040 03f3 BE       		.byte	-66
 1041 03f4 CE       		.byte	-50
 1042 03f5 AE       		.byte	-82
 1043 03f6 D0       		.byte	-48
 1044 03f7 01       		.byte	1
 1045 03f8 D2       		.byte	-46
 1046 03f9 04       		.byte	4
 1047 03fa D6       		.byte	-42
 1048 03fb 0B       		.byte	11
 1049 03fc 04       		.byte	4
 1050 03fd 03       		.byte	3
 1051 03fe 0C       		.byte	12
 1052 03ff 02       		.byte	2
 1053 0400 0F       		.byte	15
 1054 0401 01       		.byte	1
 1055 0402 14       		.byte	20
 1056 0403 03       		.byte	3
 1057 0404 15       		.byte	21
 1058 0405 01       		.byte	1
 1059 0406 1B       		.byte	27
 1060 0407 01       		.byte	1
 1061 0408 1F       		.byte	31
 1062 0409 01       		.byte	1
 1063 040a 25       		.byte	37
 1064 040b 01       		.byte	1
 1065 040c 26       		.byte	38
 1066 040d 01       		.byte	1
 1067 040e 32       		.byte	50
 1068 040f 03       		.byte	3
 1069 0410 37       		.byte	55
 1070 0411 01       		.byte	1
 1071 0412 38       		.byte	56
 1072 0413 08       		.byte	8
 1073 0414 3E       		.byte	62
 1074 0415 04       		.byte	4
 1075 0416 3F       		.byte	63
 1076 0417 40       		.byte	64
 1077 0418 40       		.byte	64
 1078 0419 03       		.byte	3
 1079 041a 45       		.byte	69
 1080 041b 40       		.byte	64
 1081 041c 49       		.byte	73
 1082 041d FF       		.byte	-1
 1083 041e 4A       		.byte	74
ARM GAS  C:\Users\giris\AppData\Local\Temp\ccGOUGxa.s 			page 20


 1084 041f 07       		.byte	7
 1085 0420 4B       		.byte	75
 1086 0421 FF       		.byte	-1
 1087 0422 4C       		.byte	76
 1088 0423 40       		.byte	64
 1089 0424 4D       		.byte	77
 1090 0425 20       		.byte	32
 1091 0426 4E       		.byte	78
 1092 0427 F0       		.byte	-16
 1093 0428 4F       		.byte	79
 1094 0429 05       		.byte	5
 1095 042a 50       		.byte	80
 1096 042b 08       		.byte	8
 1097 042c 54       		.byte	84
 1098 042d 01       		.byte	1
 1099 042e 58       		.byte	88
 1100 042f 04       		.byte	4
 1101 0430 59       		.byte	89
 1102 0431 04       		.byte	4
 1103 0432 5A       		.byte	90
 1104 0433 04       		.byte	4
 1105 0434 5B       		.byte	91
 1106 0435 04       		.byte	4
 1107 0436 5D       		.byte	93
 1108 0437 11       		.byte	17
 1109 0438 5F       		.byte	95
 1110 0439 01       		.byte	1
 1111 043a 60       		.byte	96
 1112 043b 40       		.byte	64
 1113 043c 61       		.byte	97
 1114 043d A8       		.byte	-88
 1115 043e 62       		.byte	98
 1116 043f 40       		.byte	64
 1117 0440 63       		.byte	99
 1118 0441 20       		.byte	32
 1119 0442 D8       		.byte	-40
 1120 0443 04       		.byte	4
 1121 0444 D9       		.byte	-39
 1122 0445 04       		.byte	4
 1123 0446 DF       		.byte	-33
 1124 0447 01       		.byte	1
 1125 0448 00       		.byte	0
 1126 0449 C4       		.byte	-60
 1127 044a 01       		.byte	1
 1128 044b 28       		.byte	40
 1129 044c 05       		.byte	5
 1130 044d 20       		.byte	32
 1131 044e 07       		.byte	7
 1132 044f 20       		.byte	32
 1133 0450 08       		.byte	8
 1134 0451 42       		.byte	66
 1135 0452 09       		.byte	9
 1136 0453 18       		.byte	24
 1137 0454 0B       		.byte	11
 1138 0455 C4       		.byte	-60
 1139 0456 0C       		.byte	12
 1140 0457 60       		.byte	96
ARM GAS  C:\Users\giris\AppData\Local\Temp\ccGOUGxa.s 			page 21


 1141 0458 0E       		.byte	14
 1142 0459 08       		.byte	8
 1143 045a 0F       		.byte	15
 1144 045b 60       		.byte	96
 1145 045c 10       		.byte	16
 1146 045d 21       		.byte	33
 1147 045e 11       		.byte	17
 1148 045f 11       		.byte	17
 1149 0460 13       		.byte	19
 1150 0461 20       		.byte	32
 1151 0462 14       		.byte	20
 1152 0463 01       		.byte	1
 1153 0464 15       		.byte	21
 1154 0465 01       		.byte	1
 1155 0466 18       		.byte	24
 1156 0467 10       		.byte	16
 1157 0468 22       		.byte	34
 1158 0469 40       		.byte	64
 1159 046a 28       		.byte	40
 1160 046b 42       		.byte	66
 1161 046c 29       		.byte	41
 1162 046d 28       		.byte	40
 1163 046e 2D       		.byte	45
 1164 046f 20       		.byte	32
 1165 0470 2F       		.byte	47
 1166 0471 40       		.byte	64
 1167 0472 30       		.byte	48
 1168 0473 A1       		.byte	-95
 1169 0474 31       		.byte	49
 1170 0475 08       		.byte	8
 1171 0476 33       		.byte	51
 1172 0477 01       		.byte	1
 1173 0478 34       		.byte	52
 1174 0479 40       		.byte	64
 1175 047a 37       		.byte	55
 1176 047b 61       		.byte	97
 1177 047c 38       		.byte	56
 1178 047d 40       		.byte	64
 1179 047e 39       		.byte	57
 1180 047f 11       		.byte	17
 1181 0480 3B       		.byte	59
 1182 0481 04       		.byte	4
 1183 0482 3D       		.byte	61
 1184 0483 21       		.byte	33
 1185 0484 40       		.byte	64
 1186 0485 10       		.byte	16
 1187 0486 48       		.byte	72
 1188 0487 20       		.byte	32
 1189 0488 49       		.byte	73
 1190 0489 02       		.byte	2
 1191 048a 4B       		.byte	75
 1192 048b 02       		.byte	2
 1193 048c 5A       		.byte	90
 1194 048d 88       		.byte	-120
 1195 048e 5B       		.byte	91
 1196 048f 12       		.byte	18
 1197 0490 C0       		.byte	-64
ARM GAS  C:\Users\giris\AppData\Local\Temp\ccGOUGxa.s 			page 22


 1198 0491 67       		.byte	103
 1199 0492 C2       		.byte	-62
 1200 0493 BF       		.byte	-65
 1201 0494 C4       		.byte	-60
 1202 0495 9F       		.byte	-97
 1203 0496 CA       		.byte	-54
 1204 0497 AF       		.byte	-81
 1205 0498 CC       		.byte	-52
 1206 0499 BF       		.byte	-65
 1207 049a CE       		.byte	-50
 1208 049b AF       		.byte	-81
 1209 049c D0       		.byte	-48
 1210 049d 02       		.byte	2
 1211 049e D6       		.byte	-42
 1212 049f 0F       		.byte	15
 1213 04a0 A8       		.byte	-88
 1214 04a1 04       		.byte	4
 1215 04a2 AC       		.byte	-84
 1216 04a3 04       		.byte	4
 1217 04a4 AE       		.byte	-82
 1218 04a5 08       		.byte	8
 1219 04a6 B4       		.byte	-76
 1220 04a7 40       		.byte	64
 1221 04a8 E8       		.byte	-24
 1222 04a9 10       		.byte	16
 1223 04aa EC       		.byte	-20
 1224 04ab 01       		.byte	1
 1225 04ac EE       		.byte	-18
 1226 04ad 02       		.byte	2
 1227 04ae 58       		.byte	88
 1228 04af 04       		.byte	4
 1229 04b0 59       		.byte	89
 1230 04b1 04       		.byte	4
 1231 04b2 5F       		.byte	95
 1232 04b3 01       		.byte	1
 1233 04b4 82       		.byte	-126
 1234 04b5 02       		.byte	2
 1235 04b6 86       		.byte	-122
 1236 04b7 04       		.byte	4
 1237 04b8 87       		.byte	-121
 1238 04b9 02       		.byte	2
 1239 04ba 8A       		.byte	-118
 1240 04bb 01       		.byte	1
 1241 04bc 8C       		.byte	-116
 1242 04bd 04       		.byte	4
 1243 04be 90       		.byte	-112
 1244 04bf 40       		.byte	64
 1245 04c0 92       		.byte	-110
 1246 04c1 80       		.byte	-128
 1247 04c2 94       		.byte	-108
 1248 04c3 10       		.byte	16
 1249 04c4 96       		.byte	-106
 1250 04c5 20       		.byte	32
 1251 04c6 97       		.byte	-105
 1252 04c7 04       		.byte	4
 1253 04c8 98       		.byte	-104
 1254 04c9 08       		.byte	8
ARM GAS  C:\Users\giris\AppData\Local\Temp\ccGOUGxa.s 			page 23


 1255 04ca 9E       		.byte	-98
 1256 04cb 08       		.byte	8
 1257 04cc A0       		.byte	-96
 1258 04cd 02       		.byte	2
 1259 04ce A3       		.byte	-93
 1260 04cf 01       		.byte	1
 1261 04d0 A4       		.byte	-92
 1262 04d1 01       		.byte	1
 1263 04d2 A8       		.byte	-88
 1264 04d3 20       		.byte	32
 1265 04d4 AA       		.byte	-86
 1266 04d5 10       		.byte	16
 1267 04d6 AC       		.byte	-84
 1268 04d7 80       		.byte	-128
 1269 04d8 AE       		.byte	-82
 1270 04d9 40       		.byte	64
 1271 04da B0       		.byte	-80
 1272 04db FF       		.byte	-1
 1273 04dc B1       		.byte	-79
 1274 04dd 04       		.byte	4
 1275 04de B3       		.byte	-77
 1276 04df 02       		.byte	2
 1277 04e0 B7       		.byte	-73
 1278 04e1 01       		.byte	1
 1279 04e2 BA       		.byte	-70
 1280 04e3 20       		.byte	32
 1281 04e4 BE       		.byte	-66
 1282 04e5 01       		.byte	1
 1283 04e6 D2       		.byte	-46
 1284 04e7 03       		.byte	3
 1285 04e8 D3       		.byte	-45
 1286 04e9 02       		.byte	2
 1287 04ea D8       		.byte	-40
 1288 04eb 04       		.byte	4
 1289 04ec D9       		.byte	-39
 1290 04ed 04       		.byte	4
 1291 04ee DB       		.byte	-37
 1292 04ef 04       		.byte	4
 1293 04f0 DC       		.byte	-36
 1294 04f1 01       		.byte	1
 1295 04f2 DF       		.byte	-33
 1296 04f3 01       		.byte	1
 1297 04f4 00       		.byte	0
 1298 04f5 98       		.byte	-104
 1299 04f6 01       		.byte	1
 1300 04f7 02       		.byte	2
 1301 04f8 02       		.byte	2
 1302 04f9 80       		.byte	-128
 1303 04fa 05       		.byte	5
 1304 04fb 02       		.byte	2
 1305 04fc 07       		.byte	7
 1306 04fd 20       		.byte	32
 1307 04fe 09       		.byte	9
 1308 04ff 08       		.byte	8
 1309 0500 0A       		.byte	10
 1310 0501 A7       		.byte	-89
 1311 0502 0B       		.byte	11
ARM GAS  C:\Users\giris\AppData\Local\Temp\ccGOUGxa.s 			page 24


 1312 0503 60       		.byte	96
 1313 0504 0D       		.byte	13
 1314 0505 08       		.byte	8
 1315 0506 0E       		.byte	14
 1316 0507 01       		.byte	1
 1317 0508 0F       		.byte	15
 1318 0509 42       		.byte	66
 1319 050a 10       		.byte	16
 1320 050b 02       		.byte	2
 1321 050c 11       		.byte	17
 1322 050d 10       		.byte	16
 1323 050e 12       		.byte	18
 1324 050f 01       		.byte	1
 1325 0510 13       		.byte	19
 1326 0511 06       		.byte	6
 1327 0512 14       		.byte	20
 1328 0513 80       		.byte	-128
 1329 0514 15       		.byte	21
 1330 0515 01       		.byte	1
 1331 0516 16       		.byte	22
 1332 0517 08       		.byte	8
 1333 0518 18       		.byte	24
 1334 0519 48       		.byte	72
 1335 051a 20       		.byte	32
 1336 051b 10       		.byte	16
 1337 051c 22       		.byte	34
 1338 051d 41       		.byte	65
 1339 051e 23       		.byte	35
 1340 051f 20       		.byte	32
 1341 0520 2A       		.byte	42
 1342 0521 09       		.byte	9
 1343 0522 2B       		.byte	43
 1344 0523 01       		.byte	1
 1345 0524 2F       		.byte	47
 1346 0525 10       		.byte	16
 1347 0526 32       		.byte	50
 1348 0527 94       		.byte	-108
 1349 0528 34       		.byte	52
 1350 0529 80       		.byte	-128
 1351 052a 35       		.byte	53
 1352 052b 02       		.byte	2
 1353 052c 37       		.byte	55
 1354 052d 80       		.byte	-128
 1355 052e 38       		.byte	56
 1356 052f 10       		.byte	16
 1357 0530 39       		.byte	57
 1358 0531 01       		.byte	1
 1359 0532 3B       		.byte	59
 1360 0533 44       		.byte	68
 1361 0534 3C       		.byte	60
 1362 0535 10       		.byte	16
 1363 0536 3E       		.byte	62
 1364 0537 09       		.byte	9
 1365 0538 3F       		.byte	63
 1366 0539 40       		.byte	64
 1367 053a 6B       		.byte	107
 1368 053b 05       		.byte	5
ARM GAS  C:\Users\giris\AppData\Local\Temp\ccGOUGxa.s 			page 25


 1369 053c 89       		.byte	-119
 1370 053d 10       		.byte	16
 1371 053e 8A       		.byte	-118
 1372 053f 21       		.byte	33
 1373 0540 8B       		.byte	-117
 1374 0541 01       		.byte	1
 1375 0542 91       		.byte	-111
 1376 0543 10       		.byte	16
 1377 0544 92       		.byte	-110
 1378 0545 0C       		.byte	12
 1379 0546 93       		.byte	-109
 1380 0547 04       		.byte	4
 1381 0548 94       		.byte	-108
 1382 0549 10       		.byte	16
 1383 054a 95       		.byte	-107
 1384 054b 20       		.byte	32
 1385 054c 96       		.byte	-106
 1386 054d A2       		.byte	-94
 1387 054e 97       		.byte	-105
 1388 054f 40       		.byte	64
 1389 0550 99       		.byte	-103
 1390 0551 02       		.byte	2
 1391 0552 9B       		.byte	-101
 1392 0553 82       		.byte	-126
 1393 0554 9E       		.byte	-98
 1394 0555 28       		.byte	40
 1395 0556 9F       		.byte	-97
 1396 0557 04       		.byte	4
 1397 0558 A0       		.byte	-96
 1398 0559 42       		.byte	66
 1399 055a A1       		.byte	-95
 1400 055b 08       		.byte	8
 1401 055c A4       		.byte	-92
 1402 055d 04       		.byte	4
 1403 055e A8       		.byte	-88
 1404 055f 10       		.byte	16
 1405 0560 AD       		.byte	-83
 1406 0561 08       		.byte	8
 1407 0562 AE       		.byte	-82
 1408 0563 02       		.byte	2
 1409 0564 B0       		.byte	-80
 1410 0565 40       		.byte	64
 1411 0566 B7       		.byte	-73
 1412 0567 02       		.byte	2
 1413 0568 C0       		.byte	-64
 1414 0569 3F       		.byte	63
 1415 056a C2       		.byte	-62
 1416 056b BF       		.byte	-65
 1417 056c C4       		.byte	-60
 1418 056d 5F       		.byte	95
 1419 056e CA       		.byte	-54
 1420 056f 4B       		.byte	75
 1421 0570 CC       		.byte	-52
 1422 0571 9E       		.byte	-98
 1423 0572 CE       		.byte	-50
 1424 0573 FF       		.byte	-1
 1425 0574 E8       		.byte	-24
ARM GAS  C:\Users\giris\AppData\Local\Temp\ccGOUGxa.s 			page 26


 1426 0575 02       		.byte	2
 1427 0576 EC       		.byte	-20
 1428 0577 41       		.byte	65
 1429 0578 05       		.byte	5
 1430 0579 3F       		.byte	63
 1431 057a 09       		.byte	9
 1432 057b 3F       		.byte	63
 1433 057c 0D       		.byte	13
 1434 057d 01       		.byte	1
 1435 057e 15       		.byte	21
 1436 057f 24       		.byte	36
 1437 0580 17       		.byte	23
 1438 0581 52       		.byte	82
 1439 0582 1D       		.byte	29
 1440 0583 10       		.byte	16
 1441 0584 1F       		.byte	31
 1442 0585 A8       		.byte	-88
 1443 0586 26       		.byte	38
 1444 0587 01       		.byte	1
 1445 0588 2D       		.byte	45
 1446 0589 0A       		.byte	10
 1447 058a 2F       		.byte	47
 1448 058b 54       		.byte	84
 1449 058c 31       		.byte	49
 1450 058d C0       		.byte	-64
 1451 058e 32       		.byte	50
 1452 058f 01       		.byte	1
 1453 0590 33       		.byte	51
 1454 0591 01       		.byte	1
 1455 0592 35       		.byte	53
 1456 0593 06       		.byte	6
 1457 0594 37       		.byte	55
 1458 0595 38       		.byte	56
 1459 0596 3F       		.byte	63
 1460 0597 01       		.byte	1
 1461 0598 40       		.byte	64
 1462 0599 23       		.byte	35
 1463 059a 41       		.byte	65
 1464 059b 05       		.byte	5
 1465 059c 42       		.byte	66
 1466 059d 04       		.byte	4
 1467 059e 44       		.byte	68
 1468 059f 01       		.byte	1
 1469 05a0 45       		.byte	69
 1470 05a1 0E       		.byte	14
 1471 05a2 46       		.byte	70
 1472 05a3 0C       		.byte	12
 1473 05a4 48       		.byte	72
 1474 05a5 05       		.byte	5
 1475 05a6 49       		.byte	73
 1476 05a7 FF       		.byte	-1
 1477 05a8 4A       		.byte	74
 1478 05a9 FF       		.byte	-1
 1479 05aa 4B       		.byte	75
 1480 05ab FF       		.byte	-1
 1481 05ac 4C       		.byte	76
 1482 05ad 62       		.byte	98
ARM GAS  C:\Users\giris\AppData\Local\Temp\ccGOUGxa.s 			page 27


 1483 05ae 4D       		.byte	77
 1484 05af A0       		.byte	-96
 1485 05b0 4E       		.byte	78
 1486 05b1 F0       		.byte	-16
 1487 05b2 4F       		.byte	79
 1488 05b3 41       		.byte	65
 1489 05b4 50       		.byte	80
 1490 05b5 0C       		.byte	12
 1491 05b6 56       		.byte	86
 1492 05b7 02       		.byte	2
 1493 05b8 57       		.byte	87
 1494 05b9 11       		.byte	17
 1495 05ba 58       		.byte	88
 1496 05bb 04       		.byte	4
 1497 05bc 59       		.byte	89
 1498 05bd 04       		.byte	4
 1499 05be 5A       		.byte	90
 1500 05bf 04       		.byte	4
 1501 05c0 5B       		.byte	91
 1502 05c1 04       		.byte	4
 1503 05c2 5C       		.byte	92
 1504 05c3 10       		.byte	16
 1505 05c4 5D       		.byte	93
 1506 05c5 11       		.byte	17
 1507 05c6 5F       		.byte	95
 1508 05c7 01       		.byte	1
 1509 05c8 66       		.byte	102
 1510 05c9 40       		.byte	64
 1511 05ca 67       		.byte	103
 1512 05cb 02       		.byte	2
 1513 05cc 69       		.byte	105
 1514 05cd 10       		.byte	16
 1515 05ce 6A       		.byte	106
 1516 05cf 30       		.byte	48
 1517 05d0 6B       		.byte	107
 1518 05d1 10       		.byte	16
 1519 05d2 6D       		.byte	109
 1520 05d3 10       		.byte	16
 1521 05d4 6E       		.byte	110
 1522 05d5 10       		.byte	16
 1523 05d6 6F       		.byte	111
 1524 05d7 12       		.byte	18
 1525 05d8 D8       		.byte	-40
 1526 05d9 04       		.byte	4
 1527 05da D9       		.byte	-39
 1528 05db 04       		.byte	4
 1529 05dc DF       		.byte	-33
 1530 05dd 01       		.byte	1
 1531 05de 01       		.byte	1
 1532 05df 01       		.byte	1
 1533 05e0 03       		.byte	3
 1534 05e1 09       		.byte	9
 1535 05e2 04       		.byte	4
 1536 05e3 10       		.byte	16
 1537 05e4 05       		.byte	5
 1538 05e5 04       		.byte	4
 1539 05e6 07       		.byte	7
ARM GAS  C:\Users\giris\AppData\Local\Temp\ccGOUGxa.s 			page 28


 1540 05e7 01       		.byte	1
 1541 05e8 09       		.byte	9
 1542 05e9 98       		.byte	-104
 1543 05ea 0D       		.byte	13
 1544 05eb A8       		.byte	-88
 1545 05ec 11       		.byte	17
 1546 05ed 40       		.byte	64
 1547 05ee 15       		.byte	21
 1548 05ef 40       		.byte	64
 1549 05f0 16       		.byte	22
 1550 05f1 10       		.byte	16
 1551 05f2 1D       		.byte	29
 1552 05f3 04       		.byte	4
 1553 05f4 1F       		.byte	31
 1554 05f5 08       		.byte	8
 1555 05f6 25       		.byte	37
 1556 05f7 04       		.byte	4
 1557 05f8 26       		.byte	38
 1558 05f9 84       		.byte	-124
 1559 05fa 27       		.byte	39
 1560 05fb 44       		.byte	68
 1561 05fc 2B       		.byte	43
 1562 05fd 08       		.byte	8
 1563 05fe 2D       		.byte	45
 1564 05ff 80       		.byte	-128
 1565 0600 31       		.byte	49
 1566 0601 88       		.byte	-120
 1567 0602 33       		.byte	51
 1568 0603 01       		.byte	1
 1569 0604 34       		.byte	52
 1570 0605 04       		.byte	4
 1571 0606 36       		.byte	54
 1572 0607 80       		.byte	-128
 1573 0608 37       		.byte	55
 1574 0609 04       		.byte	4
 1575 060a 38       		.byte	56
 1576 060b 10       		.byte	16
 1577 060c 39       		.byte	57
 1578 060d 41       		.byte	65
 1579 060e 3E       		.byte	62
 1580 060f 54       		.byte	84
 1581 0610 45       		.byte	69
 1582 0611 06       		.byte	6
 1583 0612 47       		.byte	71
 1584 0613 60       		.byte	96
 1585 0614 4A       		.byte	74
 1586 0615 01       		.byte	1
 1587 0616 4B       		.byte	75
 1588 0617 40       		.byte	64
 1589 0618 4C       		.byte	76
 1590 0619 10       		.byte	16
 1591 061a 4F       		.byte	79
 1592 061b 40       		.byte	64
 1593 061c 56       		.byte	86
 1594 061d 40       		.byte	64
 1595 061e 5E       		.byte	94
 1596 061f 20       		.byte	32
ARM GAS  C:\Users\giris\AppData\Local\Temp\ccGOUGxa.s 			page 29


 1597 0620 6E       		.byte	110
 1598 0621 54       		.byte	84
 1599 0622 76       		.byte	118
 1600 0623 26       		.byte	38
 1601 0624 89       		.byte	-119
 1602 0625 61       		.byte	97
 1603 0626 90       		.byte	-112
 1604 0627 10       		.byte	16
 1605 0628 91       		.byte	-111
 1606 0629 40       		.byte	64
 1607 062a 94       		.byte	-108
 1608 062b 21       		.byte	33
 1609 062c 95       		.byte	-107
 1610 062d 01       		.byte	1
 1611 062e 96       		.byte	-106
 1612 062f 01       		.byte	1
 1613 0630 9A       		.byte	-102
 1614 0631 10       		.byte	16
 1615 0632 9B       		.byte	-101
 1616 0633 01       		.byte	1
 1617 0634 9D       		.byte	-99
 1618 0635 08       		.byte	8
 1619 0636 9E       		.byte	-98
 1620 0637 40       		.byte	64
 1621 0638 A1       		.byte	-95
 1622 0639 98       		.byte	-104
 1623 063a A5       		.byte	-91
 1624 063b 42       		.byte	66
 1625 063c A7       		.byte	-89
 1626 063d 08       		.byte	8
 1627 063e AB       		.byte	-85
 1628 063f 10       		.byte	16
 1629 0640 AF       		.byte	-81
 1630 0641 01       		.byte	1
 1631 0642 B2       		.byte	-78
 1632 0643 12       		.byte	18
 1633 0644 B6       		.byte	-74
 1634 0645 60       		.byte	96
 1635 0646 C0       		.byte	-64
 1636 0647 EB       		.byte	-21
 1637 0648 C2       		.byte	-62
 1638 0649 E7       		.byte	-25
 1639 064a C4       		.byte	-60
 1640 064b A1       		.byte	-95
 1641 064c CA       		.byte	-54
 1642 064d 14       		.byte	20
 1643 064e CC       		.byte	-52
 1644 064f 5B       		.byte	91
 1645 0650 CE       		.byte	-50
 1646 0651 7D       		.byte	125
 1647 0652 D0       		.byte	-48
 1648 0653 F0       		.byte	-16
 1649 0654 D2       		.byte	-46
 1650 0655 10       		.byte	16
 1651 0656 D6       		.byte	-42
 1652 0657 20       		.byte	32
 1653 0658 E4       		.byte	-28
ARM GAS  C:\Users\giris\AppData\Local\Temp\ccGOUGxa.s 			page 30


 1654 0659 A0       		.byte	-96
 1655 065a E8       		.byte	-24
 1656 065b 10       		.byte	16
 1657 065c EC       		.byte	-20
 1658 065d 60       		.byte	96
 1659 065e 58       		.byte	88
 1660 065f 04       		.byte	4
 1661 0660 59       		.byte	89
 1662 0661 04       		.byte	4
 1663 0662 5F       		.byte	95
 1664 0663 01       		.byte	1
 1665 0664 81       		.byte	-127
 1666 0665 08       		.byte	8
 1667 0666 82       		.byte	-126
 1668 0667 01       		.byte	1
 1669 0668 84       		.byte	-124
 1670 0669 18       		.byte	24
 1671 066a 85       		.byte	-123
 1672 066b 04       		.byte	4
 1673 066c 88       		.byte	-120
 1674 066d 08       		.byte	8
 1675 066e 89       		.byte	-119
 1676 066f 0C       		.byte	12
 1677 0670 8C       		.byte	-116
 1678 0671 01       		.byte	1
 1679 0672 8D       		.byte	-115
 1680 0673 FF       		.byte	-1
 1681 0674 8E       		.byte	-114
 1682 0675 80       		.byte	-128
 1683 0676 94       		.byte	-108
 1684 0677 39       		.byte	57
 1685 0678 96       		.byte	-106
 1686 0679 44       		.byte	68
 1687 067a 97       		.byte	-105
 1688 067b F3       		.byte	-13
 1689 067c 99       		.byte	-103
 1690 067d 0F       		.byte	15
 1691 067e 9A       		.byte	-102
 1692 067f 06       		.byte	6
 1693 0680 9B       		.byte	-101
 1694 0681 F0       		.byte	-16
 1695 0682 9C       		.byte	-100
 1696 0683 7F       		.byte	127
 1697 0684 9D       		.byte	-99
 1698 0685 C3       		.byte	-61
 1699 0686 A1       		.byte	-95
 1700 0687 F3       		.byte	-13
 1701 0688 A3       		.byte	-93
 1702 0689 0C       		.byte	12
 1703 068a A4       		.byte	-92
 1704 068b 39       		.byte	57
 1705 068c A5       		.byte	-91
 1706 068d 1C       		.byte	28
 1707 068e A6       		.byte	-90
 1708 068f 42       		.byte	66
 1709 0690 A7       		.byte	-89
 1710 0691 E3       		.byte	-29
ARM GAS  C:\Users\giris\AppData\Local\Temp\ccGOUGxa.s 			page 31


 1711 0692 A8       		.byte	-88
 1712 0693 67       		.byte	103
 1713 0694 A9       		.byte	-87
 1714 0695 82       		.byte	-126
 1715 0696 AA       		.byte	-86
 1716 0697 18       		.byte	24
 1717 0698 AC       		.byte	-84
 1718 0699 10       		.byte	16
 1719 069a AD       		.byte	-83
 1720 069b 41       		.byte	65
 1721 069c B0       		.byte	-80
 1722 069d 80       		.byte	-128
 1723 069e B1       		.byte	-79
 1724 069f 1C       		.byte	28
 1725 06a0 B2       		.byte	-78
 1726 06a1 20       		.byte	32
 1727 06a2 B3       		.byte	-77
 1728 06a3 0F       		.byte	15
 1729 06a4 B4       		.byte	-76
 1730 06a5 1F       		.byte	31
 1731 06a6 B5       		.byte	-75
 1732 06a7 2C       		.byte	44
 1733 06a8 B6       		.byte	-74
 1734 06a9 40       		.byte	64
 1735 06aa B7       		.byte	-73
 1736 06ab C0       		.byte	-64
 1737 06ac B8       		.byte	-72
 1738 06ad 80       		.byte	-128
 1739 06ae BA       		.byte	-70
 1740 06af 20       		.byte	32
 1741 06b0 BB       		.byte	-69
 1742 06b1 28       		.byte	40
 1743 06b2 BE       		.byte	-66
 1744 06b3 04       		.byte	4
 1745 06b4 D8       		.byte	-40
 1746 06b5 04       		.byte	4
 1747 06b6 D9       		.byte	-39
 1748 06b7 04       		.byte	4
 1749 06b8 DC       		.byte	-36
 1750 06b9 11       		.byte	17
 1751 06ba DF       		.byte	-33
 1752 06bb 01       		.byte	1
 1753 06bc 01       		.byte	1
 1754 06bd 01       		.byte	1
 1755 06be 03       		.byte	3
 1756 06bf 09       		.byte	9
 1757 06c0 05       		.byte	5
 1758 06c1 81       		.byte	-127
 1759 06c2 06       		.byte	6
 1760 06c3 2C       		.byte	44
 1761 06c4 08       		.byte	8
 1762 06c5 28       		.byte	40
 1763 06c6 09       		.byte	9
 1764 06c7 98       		.byte	-104
 1765 06c8 0E       		.byte	14
 1766 06c9 0A       		.byte	10
 1767 06ca 0F       		.byte	15
ARM GAS  C:\Users\giris\AppData\Local\Temp\ccGOUGxa.s 			page 32


 1768 06cb 10       		.byte	16
 1769 06cc 11       		.byte	17
 1770 06cd 40       		.byte	64
 1771 06ce 16       		.byte	22
 1772 06cf 02       		.byte	2
 1773 06d0 17       		.byte	23
 1774 06d1 24       		.byte	36
 1775 06d2 1D       		.byte	29
 1776 06d3 01       		.byte	1
 1777 06d4 1E       		.byte	30
 1778 06d5 21       		.byte	33
 1779 06d6 1F       		.byte	31
 1780 06d7 10       		.byte	16
 1781 06d8 24       		.byte	36
 1782 06d9 01       		.byte	1
 1783 06da 25       		.byte	37
 1784 06db 02       		.byte	2
 1785 06dc 26       		.byte	38
 1786 06dd 28       		.byte	40
 1787 06de 27       		.byte	39
 1788 06df 24       		.byte	36
 1789 06e0 28       		.byte	40
 1790 06e1 28       		.byte	40
 1791 06e2 2C       		.byte	44
 1792 06e3 84       		.byte	-124
 1793 06e4 2D       		.byte	45
 1794 06e5 80       		.byte	-128
 1795 06e6 2F       		.byte	47
 1796 06e7 10       		.byte	16
 1797 06e8 31       		.byte	49
 1798 06e9 A0       		.byte	-96
 1799 06ea 33       		.byte	51
 1800 06eb 09       		.byte	9
 1801 06ec 36       		.byte	54
 1802 06ed A4       		.byte	-92
 1803 06ee 39       		.byte	57
 1804 06ef 40       		.byte	64
 1805 06f0 3B       		.byte	59
 1806 06f1 30       		.byte	48
 1807 06f2 3E       		.byte	62
 1808 06f3 2A       		.byte	42
 1809 06f4 3F       		.byte	63
 1810 06f5 40       		.byte	64
 1811 06f6 80       		.byte	-128
 1812 06f7 80       		.byte	-128
 1813 06f8 82       		.byte	-126
 1814 06f9 08       		.byte	8
 1815 06fa 89       		.byte	-119
 1816 06fb 80       		.byte	-128
 1817 06fc 91       		.byte	-111
 1818 06fd 41       		.byte	65
 1819 06fe 93       		.byte	-109
 1820 06ff 40       		.byte	64
 1821 0700 94       		.byte	-108
 1822 0701 01       		.byte	1
 1823 0702 96       		.byte	-106
 1824 0703 01       		.byte	1
ARM GAS  C:\Users\giris\AppData\Local\Temp\ccGOUGxa.s 			page 33


 1825 0704 98       		.byte	-104
 1826 0705 04       		.byte	4
 1827 0706 9A       		.byte	-102
 1828 0707 26       		.byte	38
 1829 0708 9B       		.byte	-101
 1830 0709 01       		.byte	1
 1831 070a 9D       		.byte	-99
 1832 070b 80       		.byte	-128
 1833 070c 9F       		.byte	-97
 1834 070d 20       		.byte	32
 1835 070e A1       		.byte	-95
 1836 070f B8       		.byte	-72
 1837 0710 A2       		.byte	-94
 1838 0711 85       		.byte	-123
 1839 0712 A3       		.byte	-93
 1840 0713 08       		.byte	8
 1841 0714 A5       		.byte	-91
 1842 0715 02       		.byte	2
 1843 0716 A6       		.byte	-90
 1844 0717 10       		.byte	16
 1845 0718 AA       		.byte	-86
 1846 0719 01       		.byte	1
 1847 071a AF       		.byte	-81
 1848 071b 08       		.byte	8
 1849 071c B5       		.byte	-75
 1850 071d 08       		.byte	8
 1851 071e C0       		.byte	-64
 1852 071f FB       		.byte	-5
 1853 0720 C2       		.byte	-62
 1854 0721 E7       		.byte	-25
 1855 0722 C4       		.byte	-60
 1856 0723 E1       		.byte	-31
 1857 0724 CA       		.byte	-54
 1858 0725 F6       		.byte	-10
 1859 0726 CC       		.byte	-52
 1860 0727 7F       		.byte	127
 1861 0728 CE       		.byte	-50
 1862 0729 F8       		.byte	-8
 1863 072a E8       		.byte	-24
 1864 072b 50       		.byte	80
 1865 072c 10       		.byte	16
 1866 072d 80       		.byte	-128
 1867 072e 16       		.byte	22
 1868 072f 80       		.byte	-128
 1869 0730 32       		.byte	50
 1870 0731 40       		.byte	64
 1871 0732 3B       		.byte	59
 1872 0733 02       		.byte	2
 1873 0734 3E       		.byte	62
 1874 0735 80       		.byte	-128
 1875 0736 C4       		.byte	-60
 1876 0737 30       		.byte	48
 1877 0738 CC       		.byte	-52
 1878 0739 10       		.byte	16
 1879 073a CE       		.byte	-50
 1880 073b 60       		.byte	96
 1881 073c 50       		.byte	80
ARM GAS  C:\Users\giris\AppData\Local\Temp\ccGOUGxa.s 			page 34


 1882 073d 04       		.byte	4
 1883 073e 58       		.byte	88
 1884 073f 10       		.byte	16
 1885 0740 96       		.byte	-106
 1886 0741 80       		.byte	-128
 1887 0742 97       		.byte	-105
 1888 0743 02       		.byte	2
 1889 0744 A0       		.byte	-96
 1890 0745 80       		.byte	-128
 1891 0746 D4       		.byte	-44
 1892 0747 A0       		.byte	-96
 1893 0748 80       		.byte	-128
 1894 0749 04       		.byte	4
 1895 074a 94       		.byte	-108
 1896 074b 08       		.byte	8
 1897 074c 96       		.byte	-106
 1898 074d 80       		.byte	-128
 1899 074e 97       		.byte	-105
 1900 074f 02       		.byte	2
 1901 0750 9C       		.byte	-100
 1902 0751 10       		.byte	16
 1903 0752 A0       		.byte	-96
 1904 0753 80       		.byte	-128
 1905 0754 E6       		.byte	-26
 1906 0755 80       		.byte	-128
 1907 0756 84       		.byte	-124
 1908 0757 10       		.byte	16
 1909 0758 8E       		.byte	-114
 1910 0759 40       		.byte	64
 1911 075a 96       		.byte	-106
 1912 075b 80       		.byte	-128
 1913 075c 9C       		.byte	-100
 1914 075d 10       		.byte	16
 1915 075e A0       		.byte	-96
 1916 075f 80       		.byte	-128
 1917 0760 AB       		.byte	-85
 1918 0761 01       		.byte	1
 1919 0762 E6       		.byte	-26
 1920 0763 40       		.byte	64
 1921 0764 EE       		.byte	-18
 1922 0765 20       		.byte	32
 1923 0766 7D       		.byte	125
 1924 0767 80       		.byte	-128
 1925 0768 DE       		.byte	-34
 1926 0769 04       		.byte	4
 1927 076a 62       		.byte	98
 1928 076b 04       		.byte	4
 1929 076c A5       		.byte	-91
 1930 076d 40       		.byte	64
 1931 076e D8       		.byte	-40
 1932 076f 02       		.byte	2
 1933 0770 1B       		.byte	27
 1934 0771 04       		.byte	4
 1935 0772 25       		.byte	37
 1936 0773 02       		.byte	2
 1937 0774 85       		.byte	-123
 1938 0775 40       		.byte	64
ARM GAS  C:\Users\giris\AppData\Local\Temp\ccGOUGxa.s 			page 35


 1939 0776 A5       		.byte	-91
 1940 0777 40       		.byte	64
 1941 0778 B6       		.byte	-74
 1942 0779 04       		.byte	4
 1943 077a C6       		.byte	-58
 1944 077b 08       		.byte	8
 1945 077c C8       		.byte	-56
 1946 077d 01       		.byte	1
 1947 077e EC       		.byte	-20
 1948 077f 08       		.byte	8
 1949 0780 44       		.byte	68
 1950 0781 02       		.byte	2
 1951 0782 81       		.byte	-127
 1952 0783 02       		.byte	2
 1953 0784 A1       		.byte	-95
 1954 0785 02       		.byte	2
 1955 0786 AB       		.byte	-85
 1956 0787 04       		.byte	4
 1957 0788 D0       		.byte	-48
 1958 0789 04       		.byte	4
 1959 078a 24       		.byte	36
 1960 078b 08       		.byte	8
 1961 078c B4       		.byte	-76
 1962 078d 80       		.byte	-128
 1963 078e C8       		.byte	-56
 1964 078f 20       		.byte	32
 1965 0790 B4       		.byte	-76
 1966 0791 04       		.byte	4
 1967 0792 9C       		.byte	-100
 1968 0793 02       		.byte	2
 1969 0794 11       		.byte	17
 1970 0795 01       		.byte	1
 1971 0796 89       		.byte	-119
 1972 0797 01       		.byte	1
 1973 0798 B4       		.byte	-76
 1974 0799 02       		.byte	2
 1975 079a C4       		.byte	-60
 1976 079b 08       		.byte	8
 1977 079c E6       		.byte	-26
 1978 079d 01       		.byte	1
 1979 079e E8       		.byte	-24
 1980 079f 08       		.byte	8
 1981 07a0 00       		.byte	0
 1982 07a1 07       		.byte	7
 1983 07a2 01       		.byte	1
 1984 07a3 01       		.byte	1
 1985 07a4 0A       		.byte	10
 1986 07a5 01       		.byte	1
 1987 07a6 0C       		.byte	12
 1988 07a7 03       		.byte	3
 1989 07a8 0D       		.byte	13
 1990 07a9 01       		.byte	1
 1991 07aa 0E       		.byte	14
 1992 07ab 07       		.byte	7
 1993 07ac 10       		.byte	16
 1994 07ad 03       		.byte	3
 1995 07ae 1A       		.byte	26
ARM GAS  C:\Users\giris\AppData\Local\Temp\ccGOUGxa.s 			page 36


 1996 07af 03       		.byte	3
 1997 07b0 1C       		.byte	28
 1998 07b1 03       		.byte	3
 1999 07b2 00       		.byte	0
 2000 07b3 03       		.byte	3
 2001 07b4 10       		.byte	16
 2002 07b5 0A       		.byte	10
 2003 07b6 00       		.byte	0
 2004 07b7 00       		.byte	0
 2005 07b8 08       		.byte	8
 2006 07b9 40       		.byte	64
 2007 07ba 40       		.byte	64
 2008 07bb 00       		.byte	0
 2009 07bc 00       		.byte	0
 2010 07bd 03       		.byte	3
 2011 07be 03       		.byte	3
 2012 07bf 00       		.byte	0
 2013 07c0 80       		.byte	-128
 2014 07c1 00       		.byte	0
 2015 07c2 40       		.byte	64
 2016 07c3 80       		.byte	-128
 2017 07c4 80       		.byte	-128
 2018 07c5 00       		.byte	0
 2019 07c6 80       		.byte	-128
 2020 07c7 00       		.byte	0
 2021 07c8 00       		.byte	0
 2022 07c9 00       		.byte	0
 2023 07ca 00       		.byte	0
 2024 07cb 00       		.byte	0
 2025 07cc 00       		.byte	0
 2026 07cd 10       		.byte	16
 2027 07ce 10       		.byte	16
 2028 07cf 00       		.byte	0
 2029 07d0 10       		.byte	16
 2030 07d1 00       		.byte	0
 2031 07d2 00       		.byte	0
 2032 07d3 00       		.byte	0
 2033 07d4 00       		.byte	0
 2034 07d5 01       		.byte	1
 2035 07d6 00       		.byte	0
 2036 07d7 00       		.byte	0
 2037              		.section	.cywolatch,"a",%progbits
 2038              		.align	2
 2039              		.type	cy_meta_wonvl, %object
 2040              		.size	cy_meta_wonvl, 4
 2041              	cy_meta_wonvl:
 2042 0000 BC       		.byte	-68
 2043 0001 90       		.byte	-112
 2044 0002 AC       		.byte	-84
 2045 0003 AF       		.byte	-81
 2046              		.section	.cycustnvl,"a",%progbits
 2047              		.align	2
 2048              		.type	cy_meta_custnvl, %object
 2049              		.size	cy_meta_custnvl, 4
 2050              	cy_meta_custnvl:
 2051 0000 00       		.byte	0
 2052 0001 00       		.byte	0
ARM GAS  C:\Users\giris\AppData\Local\Temp\ccGOUGxa.s 			page 37


 2053 0002 40       		.byte	64
 2054 0003 07       		.byte	7
 2055              		.section	.cymeta,"a",%progbits
 2056              		.align	2
 2057              		.type	cy_metadata, %object
 2058              		.size	cy_metadata, 12
 2059              	cy_metadata:
 2060 0000 00       		.byte	0
 2061 0001 01       		.byte	1
 2062 0002 2E       		.byte	46
 2063 0003 16       		.byte	22
 2064 0004 10       		.byte	16
 2065 0005 69       		.byte	105
 2066 0006 00       		.byte	0
 2067 0007 01       		.byte	1
 2068 0008 00       		.byte	0
 2069 0009 00       		.byte	0
 2070 000a 00       		.byte	0
 2071 000b 00       		.byte	0
 2072              		.section	.cyflashprotect,"a",%progbits
 2073              		.align	2
 2074              		.type	cy_meta_flashprotect, %object
 2075              		.size	cy_meta_flashprotect, 256
 2076              	cy_meta_flashprotect:
 2077 0000 00000000 		.space	256
 2077      00000000 
 2077      00000000 
 2077      00000000 
 2077      00000000 
 2078              		.text
 2079              	.Letext0:
 2080              		.file 1 "c:\\program files (x86)\\cypress\\psoc creator\\4.4\\psoc creator\\import\\gnu\\arm\\5.4.
 2081              		.file 2 "c:\\program files (x86)\\cypress\\psoc creator\\4.4\\psoc creator\\import\\gnu\\arm\\5.4.
 2082              		.file 3 "Generated_Source\\PSoC5\\cymetadata.c"
 2083              		.section	.debug_info,"",%progbits
 2084              	.Ldebug_info0:
 2085 0000 35010000 		.4byte	0x135
 2086 0004 0400     		.2byte	0x4
 2087 0006 00000000 		.4byte	.Ldebug_abbrev0
 2088 000a 04       		.byte	0x4
 2089 000b 01       		.uleb128 0x1
 2090 000c 24000000 		.4byte	.LASF17
 2091 0010 0C       		.byte	0xc
 2092 0011 C3010000 		.4byte	.LASF18
 2093 0015 B2000000 		.4byte	.LASF19
 2094 0019 00000000 		.4byte	.Ldebug_line0
 2095 001d 02       		.uleb128 0x2
 2096 001e 01       		.byte	0x1
 2097 001f 06       		.byte	0x6
 2098 0020 B7010000 		.4byte	.LASF0
 2099 0024 03       		.uleb128 0x3
 2100 0025 00000000 		.4byte	.LASF9
 2101 0029 01       		.byte	0x1
 2102 002a 1D       		.byte	0x1d
 2103 002b 2F000000 		.4byte	0x2f
 2104 002f 02       		.uleb128 0x2
 2105 0030 01       		.byte	0x1
ARM GAS  C:\Users\giris\AppData\Local\Temp\ccGOUGxa.s 			page 38


 2106 0031 08       		.byte	0x8
 2107 0032 16000000 		.4byte	.LASF1
 2108 0036 02       		.uleb128 0x2
 2109 0037 02       		.byte	0x2
 2110 0038 05       		.byte	0x5
 2111 0039 A4010000 		.4byte	.LASF2
 2112 003d 02       		.uleb128 0x2
 2113 003e 02       		.byte	0x2
 2114 003f 07       		.byte	0x7
 2115 0040 09010000 		.4byte	.LASF3
 2116 0044 02       		.uleb128 0x2
 2117 0045 04       		.byte	0x4
 2118 0046 05       		.byte	0x5
 2119 0047 AE010000 		.4byte	.LASF4
 2120 004b 02       		.uleb128 0x2
 2121 004c 04       		.byte	0x4
 2122 004d 07       		.byte	0x7
 2123 004e F7000000 		.4byte	.LASF5
 2124 0052 02       		.uleb128 0x2
 2125 0053 08       		.byte	0x8
 2126 0054 05       		.byte	0x5
 2127 0055 96010000 		.4byte	.LASF6
 2128 0059 02       		.uleb128 0x2
 2129 005a 08       		.byte	0x8
 2130 005b 07       		.byte	0x7
 2131 005c 4B010000 		.4byte	.LASF7
 2132 0060 04       		.uleb128 0x4
 2133 0061 04       		.byte	0x4
 2134 0062 05       		.byte	0x5
 2135 0063 696E7400 		.ascii	"int\000"
 2136 0067 02       		.uleb128 0x2
 2137 0068 04       		.byte	0x4
 2138 0069 07       		.byte	0x7
 2139 006a 3E010000 		.4byte	.LASF8
 2140 006e 03       		.uleb128 0x3
 2141 006f 62010000 		.4byte	.LASF10
 2142 0073 02       		.byte	0x2
 2143 0074 18       		.byte	0x18
 2144 0075 24000000 		.4byte	0x24
 2145 0079 05       		.uleb128 0x5
 2146 007a 91000000 		.4byte	0x91
 2147 007e 8A000000 		.4byte	0x8a
 2148 0082 06       		.uleb128 0x6
 2149 0083 8A000000 		.4byte	0x8a
 2150 0087 D707     		.2byte	0x7d7
 2151 0089 00       		.byte	0
 2152 008a 02       		.uleb128 0x2
 2153 008b 04       		.byte	0x4
 2154 008c 07       		.byte	0x7
 2155 008d 8D010000 		.4byte	.LASF11
 2156 0091 07       		.uleb128 0x7
 2157 0092 6E000000 		.4byte	0x6e
 2158 0096 08       		.uleb128 0x8
 2159 0097 2C010000 		.4byte	.LASF12
 2160 009b 03       		.byte	0x3
 2161 009c 1F       		.byte	0x1f
 2162 009d A7000000 		.4byte	0xa7
ARM GAS  C:\Users\giris\AppData\Local\Temp\ccGOUGxa.s 			page 39


 2163 00a1 05       		.uleb128 0x5
 2164 00a2 03       		.byte	0x3
 2165 00a3 00000000 		.4byte	cy_meta_configecc
 2166 00a7 07       		.uleb128 0x7
 2167 00a8 79000000 		.4byte	0x79
 2168 00ac 05       		.uleb128 0x5
 2169 00ad 91000000 		.4byte	0x91
 2170 00b1 BC000000 		.4byte	0xbc
 2171 00b5 09       		.uleb128 0x9
 2172 00b6 8A000000 		.4byte	0x8a
 2173 00ba 03       		.byte	0x3
 2174 00bb 00       		.byte	0
 2175 00bc 0A       		.uleb128 0xa
 2176 00bd 1C010000 		.4byte	.LASF13
 2177 00c1 03       		.byte	0x3
 2178 00c2 2701     		.2byte	0x127
 2179 00c4 CE000000 		.4byte	0xce
 2180 00c8 05       		.uleb128 0x5
 2181 00c9 03       		.byte	0x3
 2182 00ca 00000000 		.4byte	cy_meta_custnvl
 2183 00ce 07       		.uleb128 0x7
 2184 00cf AC000000 		.4byte	0xac
 2185 00d3 0A       		.uleb128 0xa
 2186 00d4 7F010000 		.4byte	.LASF14
 2187 00d8 03       		.byte	0x3
 2188 00d9 3501     		.2byte	0x135
 2189 00db E5000000 		.4byte	0xe5
 2190 00df 05       		.uleb128 0x5
 2191 00e0 03       		.byte	0x3
 2192 00e1 00000000 		.4byte	cy_meta_wonvl
 2193 00e5 07       		.uleb128 0x7
 2194 00e6 AC000000 		.4byte	0xac
 2195 00ea 05       		.uleb128 0x5
 2196 00eb 91000000 		.4byte	0x91
 2197 00ef FA000000 		.4byte	0xfa
 2198 00f3 09       		.uleb128 0x9
 2199 00f4 8A000000 		.4byte	0x8a
 2200 00f8 FF       		.byte	0xff
 2201 00f9 00       		.byte	0
 2202 00fa 0A       		.uleb128 0xa
 2203 00fb 6A010000 		.4byte	.LASF15
 2204 00ff 03       		.byte	0x3
 2205 0100 4301     		.2byte	0x143
 2206 0102 0C010000 		.4byte	0x10c
 2207 0106 05       		.uleb128 0x5
 2208 0107 03       		.byte	0x3
 2209 0108 00000000 		.4byte	cy_meta_flashprotect
 2210 010c 07       		.uleb128 0x7
 2211 010d EA000000 		.4byte	0xea
 2212 0111 05       		.uleb128 0x5
 2213 0112 91000000 		.4byte	0x91
 2214 0116 21010000 		.4byte	0x121
 2215 011a 09       		.uleb128 0x9
 2216 011b 8A000000 		.4byte	0x8a
 2217 011f 0B       		.byte	0xb
 2218 0120 00       		.byte	0
 2219 0121 0A       		.uleb128 0xa
ARM GAS  C:\Users\giris\AppData\Local\Temp\ccGOUGxa.s 			page 40


 2220 0122 0A000000 		.4byte	.LASF16
 2221 0126 03       		.byte	0x3
 2222 0127 7001     		.2byte	0x170
 2223 0129 33010000 		.4byte	0x133
 2224 012d 05       		.uleb128 0x5
 2225 012e 03       		.byte	0x3
 2226 012f 00000000 		.4byte	cy_metadata
 2227 0133 07       		.uleb128 0x7
 2228 0134 11010000 		.4byte	0x111
 2229 0138 00       		.byte	0
 2230              		.section	.debug_abbrev,"",%progbits
 2231              	.Ldebug_abbrev0:
 2232 0000 01       		.uleb128 0x1
 2233 0001 11       		.uleb128 0x11
 2234 0002 01       		.byte	0x1
 2235 0003 25       		.uleb128 0x25
 2236 0004 0E       		.uleb128 0xe
 2237 0005 13       		.uleb128 0x13
 2238 0006 0B       		.uleb128 0xb
 2239 0007 03       		.uleb128 0x3
 2240 0008 0E       		.uleb128 0xe
 2241 0009 1B       		.uleb128 0x1b
 2242 000a 0E       		.uleb128 0xe
 2243 000b 10       		.uleb128 0x10
 2244 000c 17       		.uleb128 0x17
 2245 000d 00       		.byte	0
 2246 000e 00       		.byte	0
 2247 000f 02       		.uleb128 0x2
 2248 0010 24       		.uleb128 0x24
 2249 0011 00       		.byte	0
 2250 0012 0B       		.uleb128 0xb
 2251 0013 0B       		.uleb128 0xb
 2252 0014 3E       		.uleb128 0x3e
 2253 0015 0B       		.uleb128 0xb
 2254 0016 03       		.uleb128 0x3
 2255 0017 0E       		.uleb128 0xe
 2256 0018 00       		.byte	0
 2257 0019 00       		.byte	0
 2258 001a 03       		.uleb128 0x3
 2259 001b 16       		.uleb128 0x16
 2260 001c 00       		.byte	0
 2261 001d 03       		.uleb128 0x3
 2262 001e 0E       		.uleb128 0xe
 2263 001f 3A       		.uleb128 0x3a
 2264 0020 0B       		.uleb128 0xb
 2265 0021 3B       		.uleb128 0x3b
 2266 0022 0B       		.uleb128 0xb
 2267 0023 49       		.uleb128 0x49
 2268 0024 13       		.uleb128 0x13
 2269 0025 00       		.byte	0
 2270 0026 00       		.byte	0
 2271 0027 04       		.uleb128 0x4
 2272 0028 24       		.uleb128 0x24
 2273 0029 00       		.byte	0
 2274 002a 0B       		.uleb128 0xb
 2275 002b 0B       		.uleb128 0xb
 2276 002c 3E       		.uleb128 0x3e
ARM GAS  C:\Users\giris\AppData\Local\Temp\ccGOUGxa.s 			page 41


 2277 002d 0B       		.uleb128 0xb
 2278 002e 03       		.uleb128 0x3
 2279 002f 08       		.uleb128 0x8
 2280 0030 00       		.byte	0
 2281 0031 00       		.byte	0
 2282 0032 05       		.uleb128 0x5
 2283 0033 01       		.uleb128 0x1
 2284 0034 01       		.byte	0x1
 2285 0035 49       		.uleb128 0x49
 2286 0036 13       		.uleb128 0x13
 2287 0037 01       		.uleb128 0x1
 2288 0038 13       		.uleb128 0x13
 2289 0039 00       		.byte	0
 2290 003a 00       		.byte	0
 2291 003b 06       		.uleb128 0x6
 2292 003c 21       		.uleb128 0x21
 2293 003d 00       		.byte	0
 2294 003e 49       		.uleb128 0x49
 2295 003f 13       		.uleb128 0x13
 2296 0040 2F       		.uleb128 0x2f
 2297 0041 05       		.uleb128 0x5
 2298 0042 00       		.byte	0
 2299 0043 00       		.byte	0
 2300 0044 07       		.uleb128 0x7
 2301 0045 26       		.uleb128 0x26
 2302 0046 00       		.byte	0
 2303 0047 49       		.uleb128 0x49
 2304 0048 13       		.uleb128 0x13
 2305 0049 00       		.byte	0
 2306 004a 00       		.byte	0
 2307 004b 08       		.uleb128 0x8
 2308 004c 34       		.uleb128 0x34
 2309 004d 00       		.byte	0
 2310 004e 03       		.uleb128 0x3
 2311 004f 0E       		.uleb128 0xe
 2312 0050 3A       		.uleb128 0x3a
 2313 0051 0B       		.uleb128 0xb
 2314 0052 3B       		.uleb128 0x3b
 2315 0053 0B       		.uleb128 0xb
 2316 0054 49       		.uleb128 0x49
 2317 0055 13       		.uleb128 0x13
 2318 0056 3F       		.uleb128 0x3f
 2319 0057 19       		.uleb128 0x19
 2320 0058 02       		.uleb128 0x2
 2321 0059 18       		.uleb128 0x18
 2322 005a 00       		.byte	0
 2323 005b 00       		.byte	0
 2324 005c 09       		.uleb128 0x9
 2325 005d 21       		.uleb128 0x21
 2326 005e 00       		.byte	0
 2327 005f 49       		.uleb128 0x49
 2328 0060 13       		.uleb128 0x13
 2329 0061 2F       		.uleb128 0x2f
 2330 0062 0B       		.uleb128 0xb
 2331 0063 00       		.byte	0
 2332 0064 00       		.byte	0
 2333 0065 0A       		.uleb128 0xa
ARM GAS  C:\Users\giris\AppData\Local\Temp\ccGOUGxa.s 			page 42


 2334 0066 34       		.uleb128 0x34
 2335 0067 00       		.byte	0
 2336 0068 03       		.uleb128 0x3
 2337 0069 0E       		.uleb128 0xe
 2338 006a 3A       		.uleb128 0x3a
 2339 006b 0B       		.uleb128 0xb
 2340 006c 3B       		.uleb128 0x3b
 2341 006d 05       		.uleb128 0x5
 2342 006e 49       		.uleb128 0x49
 2343 006f 13       		.uleb128 0x13
 2344 0070 3F       		.uleb128 0x3f
 2345 0071 19       		.uleb128 0x19
 2346 0072 02       		.uleb128 0x2
 2347 0073 18       		.uleb128 0x18
 2348 0074 00       		.byte	0
 2349 0075 00       		.byte	0
 2350 0076 00       		.byte	0
 2351              		.section	.debug_aranges,"",%progbits
 2352 0000 14000000 		.4byte	0x14
 2353 0004 0200     		.2byte	0x2
 2354 0006 00000000 		.4byte	.Ldebug_info0
 2355 000a 04       		.byte	0x4
 2356 000b 00       		.byte	0
 2357 000c 0000     		.2byte	0
 2358 000e 0000     		.2byte	0
 2359 0010 00000000 		.4byte	0
 2360 0014 00000000 		.4byte	0
 2361              		.section	.debug_line,"",%progbits
 2362              	.Ldebug_line0:
 2363 0000 3D010000 		.section	.debug_str,"MS",%progbits,1
 2363      02003701 
 2363      00000201 
 2363      FB0E0D00 
 2363      01010101 
 2364              	.LASF9:
 2365 0000 5F5F7569 		.ascii	"__uint8_t\000"
 2365      6E74385F 
 2365      7400
 2366              	.LASF16:
 2367 000a 63795F6D 		.ascii	"cy_metadata\000"
 2367      65746164 
 2367      61746100 
 2368              	.LASF1:
 2369 0016 756E7369 		.ascii	"unsigned char\000"
 2369      676E6564 
 2369      20636861 
 2369      7200
 2370              	.LASF17:
 2371 0024 474E5520 		.ascii	"GNU C11 5.4.1 20160609 (release) [ARM/embedded-5-br"
 2371      43313120 
 2371      352E342E 
 2371      31203230 
 2371      31363036 
 2372 0057 616E6368 		.ascii	"anch revision 237715] -mcpu=cortex-m3 -mthumb -g -O"
 2372      20726576 
 2372      6973696F 
 2372      6E203233 
ARM GAS  C:\Users\giris\AppData\Local\Temp\ccGOUGxa.s 			page 43


 2372      37373135 
 2373 008a 67202D66 		.ascii	"g -ffunction-sections -ffat-lto-objects\000"
 2373      66756E63 
 2373      74696F6E 
 2373      2D736563 
 2373      74696F6E 
 2374              	.LASF19:
 2375 00b2 433A5C55 		.ascii	"C:\\Users\\giris\\OneDrive\\Documents\\PSoC Creator"
 2375      73657273 
 2375      5C676972 
 2375      69735C4F 
 2375      6E654472 
 2376 00e0 5C454141 		.ascii	"\\EAA\\Assignment1.cydsn\000"
 2376      5C417373 
 2376      69676E6D 
 2376      656E7431 
 2376      2E637964 
 2377              	.LASF5:
 2378 00f7 6C6F6E67 		.ascii	"long unsigned int\000"
 2378      20756E73 
 2378      69676E65 
 2378      6420696E 
 2378      7400
 2379              	.LASF3:
 2380 0109 73686F72 		.ascii	"short unsigned int\000"
 2380      7420756E 
 2380      7369676E 
 2380      65642069 
 2380      6E7400
 2381              	.LASF13:
 2382 011c 63795F6D 		.ascii	"cy_meta_custnvl\000"
 2382      6574615F 
 2382      63757374 
 2382      6E766C00 
 2383              	.LASF12:
 2384 012c 63795F6D 		.ascii	"cy_meta_configecc\000"
 2384      6574615F 
 2384      636F6E66 
 2384      69676563 
 2384      6300
 2385              	.LASF8:
 2386 013e 756E7369 		.ascii	"unsigned int\000"
 2386      676E6564 
 2386      20696E74 
 2386      00
 2387              	.LASF7:
 2388 014b 6C6F6E67 		.ascii	"long long unsigned int\000"
 2388      206C6F6E 
 2388      6720756E 
 2388      7369676E 
 2388      65642069 
 2389              	.LASF10:
 2390 0162 75696E74 		.ascii	"uint8_t\000"
 2390      385F7400 
 2391              	.LASF15:
 2392 016a 63795F6D 		.ascii	"cy_meta_flashprotect\000"
 2392      6574615F 
ARM GAS  C:\Users\giris\AppData\Local\Temp\ccGOUGxa.s 			page 44


 2392      666C6173 
 2392      6870726F 
 2392      74656374 
 2393              	.LASF14:
 2394 017f 63795F6D 		.ascii	"cy_meta_wonvl\000"
 2394      6574615F 
 2394      776F6E76 
 2394      6C00
 2395              	.LASF11:
 2396 018d 73697A65 		.ascii	"sizetype\000"
 2396      74797065 
 2396      00
 2397              	.LASF6:
 2398 0196 6C6F6E67 		.ascii	"long long int\000"
 2398      206C6F6E 
 2398      6720696E 
 2398      7400
 2399              	.LASF2:
 2400 01a4 73686F72 		.ascii	"short int\000"
 2400      7420696E 
 2400      7400
 2401              	.LASF4:
 2402 01ae 6C6F6E67 		.ascii	"long int\000"
 2402      20696E74 
 2402      00
 2403              	.LASF0:
 2404 01b7 7369676E 		.ascii	"signed char\000"
 2404      65642063 
 2404      68617200 
 2405              	.LASF18:
 2406 01c3 47656E65 		.ascii	"Generated_Source\\PSoC5\\cymetadata.c\000"
 2406      72617465 
 2406      645F536F 
 2406      75726365 
 2406      5C50536F 
 2407              		.ident	"GCC: (GNU Tools for ARM Embedded Processors) 5.4.1 20160609 (release) [ARM/embedded-5-bran
