ARM GAS  C:\Users\giris\AppData\Local\Temp\ccir2AMe.s 			page 1


   1              		.syntax unified
   2              		.cpu cortex-m3
   3              		.fpu softvfp
   4              		.eabi_attribute 20, 1
   5              		.eabi_attribute 21, 1
   6              		.eabi_attribute 23, 3
   7              		.eabi_attribute 24, 1
   8              		.eabi_attribute 25, 1
   9              		.eabi_attribute 26, 1
  10              		.eabi_attribute 30, 1
  11              		.eabi_attribute 34, 1
  12              		.eabi_attribute 18, 4
  13              		.thumb
  14              		.syntax unified
  15              		.file	"sc_joystick_type.c"
  16              		.text
  17              	.Ltext0:
  18              		.cfi_sections	.debug_frame
  19              		.section	.text.SC_JOYSTICK_driverIn,"ax",%progbits
  20              		.align	2
  21              		.global	SC_JOYSTICK_driverIn
  22              		.thumb
  23              		.thumb_func
  24              		.type	SC_JOYSTICK_driverIn, %function
  25              	SC_JOYSTICK_driverIn:
  26              	.LFB110:
  27              		.file 1 "source\\rte\\sc_joystick_type.c"
   1:source\rte/sc_joystick_type.c **** /*
   2:source\rte/sc_joystick_type.c ****  * Filename: sc_joystick_type.c
   3:source\rte/sc_joystick_type.c ****  *
   4:source\rte/sc_joystick_type.c ****  * Author: Autogenerated by H-DA RTE Generator, (c) Prof. Fromm
   5:source\rte/sc_joystick_type.c ****  *
   6:source\rte/sc_joystick_type.c ****  * description: Signalclass containing the joystick  position
   7:source\rte/sc_joystick_type.c ****  * name: sc_joystick
   8:source\rte/sc_joystick_type.c ****  * shortname: joystick
   9:source\rte/sc_joystick_type.c ****  *
  10:source\rte/sc_joystick_type.c ****  */
  11:source\rte/sc_joystick_type.c **** 
  12:source\rte/sc_joystick_type.c **** #include "project.h"
  13:source\rte/sc_joystick_type.c **** #include "global.h"
  14:source\rte/sc_joystick_type.c **** #include "rte.h"
  15:source\rte/sc_joystick_type.c **** #include "rte_types.h"
  16:source\rte/sc_joystick_type.c **** #include "sc_joystick_type.h"
  17:source\rte/sc_joystick_type.c **** 
  18:source\rte/sc_joystick_type.c **** 
  19:source\rte/sc_joystick_type.c **** 
  20:source\rte/sc_joystick_type.c **** /* USER CODE START SC_JOYSTICK_INCLUDE */
  21:source\rte/sc_joystick_type.c **** 
  22:source\rte/sc_joystick_type.c **** /* USER CODE END SC_JOYSTICK_INCLUDE */
  23:source\rte/sc_joystick_type.c **** 
  24:source\rte/sc_joystick_type.c **** 
  25:source\rte/sc_joystick_type.c **** 
  26:source\rte/sc_joystick_type.c **** 
  27:source\rte/sc_joystick_type.c **** /* USER CODE START SC_JOYSTICK_USERDEFINITIONS */
  28:source\rte/sc_joystick_type.c **** 
  29:source\rte/sc_joystick_type.c **** /* USER CODE END SC_JOYSTICK_USERDEFINITIONS */
  30:source\rte/sc_joystick_type.c **** 
ARM GAS  C:\Users\giris\AppData\Local\Temp\ccir2AMe.s 			page 2


  31:source\rte/sc_joystick_type.c **** 
  32:source\rte/sc_joystick_type.c **** /*****************************************************************************************
  33:source\rte/sc_joystick_type.c ****  *************** Port Wrapper Implementation for SC_JOYSTICK signal  ****************
  34:source\rte/sc_joystick_type.c ****  *****************************************************************************************/
  35:source\rte/sc_joystick_type.c ****  
  36:source\rte/sc_joystick_type.c ****  
  37:source\rte/sc_joystick_type.c **** 
  38:source\rte/sc_joystick_type.c **** /**
  39:source\rte/sc_joystick_type.c ****  * Default IN driver API
  40:source\rte/sc_joystick_type.c ****  */
  41:source\rte/sc_joystick_type.c **** inline RC_t SC_JOYSTICK_driverIn(SC_JOYSTICK_data_t *const data)
  42:source\rte/sc_joystick_type.c **** {
  28              		.loc 1 42 0
  29              		.cfi_startproc
  30              		@ args = 0, pretend = 0, frame = 8
  31              		@ frame_needed = 0, uses_anonymous_args = 0
  32              	.LVL0:
  33 0000 30B5     		push	{r4, r5, lr}
  34              		.cfi_def_cfa_offset 12
  35              		.cfi_offset 4, -12
  36              		.cfi_offset 5, -8
  37              		.cfi_offset 14, -4
  38 0002 83B0     		sub	sp, sp, #12
  39              		.cfi_def_cfa_offset 24
  40 0004 0546     		mov	r5, r0
  43:source\rte/sc_joystick_type.c **** 	/* USER CODE START driverInSC_JOYSTICK */
  44:source\rte/sc_joystick_type.c **** 
  45:source\rte/sc_joystick_type.c ****     sint8_t horizontal_x = 0;
  41              		.loc 1 45 0
  42 0006 0024     		movs	r4, #0
  43 0008 8DF80740 		strb	r4, [sp, #7]
  46:source\rte/sc_joystick_type.c ****     sint8_t horizontal_y = 0;
  44              		.loc 1 46 0
  45 000c 02A9     		add	r1, sp, #8
  46 000e 01F8024D 		strb	r4, [r1, #-2]!
  47:source\rte/sc_joystick_type.c **** 
  48:source\rte/sc_joystick_type.c **** 	//Read data from the MCAL driver
  49:source\rte/sc_joystick_type.c ****     
  50:source\rte/sc_joystick_type.c ****     RC_t result = JOYSTICK_ReadPosition(&horizontal_x, &horizontal_y);
  47              		.loc 1 50 0
  48 0012 0DF10700 		add	r0, sp, #7
  49              	.LVL1:
  50 0016 FFF7FEFF 		bl	JOYSTICK_ReadPosition
  51              	.LVL2:
  51:source\rte/sc_joystick_type.c ****     
  52:source\rte/sc_joystick_type.c ****     data->x = horizontal_x;
  52              		.loc 1 52 0
  53 001a 9DF90730 		ldrsb	r3, [sp, #7]
  54 001e 2B70     		strb	r3, [r5]
  53:source\rte/sc_joystick_type.c ****     data->y = horizontal_y;
  55              		.loc 1 53 0
  56 0020 9DF80630 		ldrb	r3, [sp, #6]	@ zero_extendqisi2
  57 0024 6B70     		strb	r3, [r5, #1]
  54:source\rte/sc_joystick_type.c ****     
  55:source\rte/sc_joystick_type.c **** 	//Scale it to the application type
  56:source\rte/sc_joystick_type.c **** 
  57:source\rte/sc_joystick_type.c **** 	return RC_SUCCESS;
ARM GAS  C:\Users\giris\AppData\Local\Temp\ccir2AMe.s 			page 3


  58:source\rte/sc_joystick_type.c **** 	/* USER CODE END driverInSC_JOYSTICK */
  59:source\rte/sc_joystick_type.c **** }
  58              		.loc 1 59 0
  59 0026 2046     		mov	r0, r4
  60 0028 03B0     		add	sp, sp, #12
  61              		.cfi_def_cfa_offset 12
  62              		@ sp needed
  63 002a 30BD     		pop	{r4, r5, pc}
  64              		.cfi_endproc
  65              	.LFE110:
  66              		.size	SC_JOYSTICK_driverIn, .-SC_JOYSTICK_driverIn
  67              		.text
  68              	.Letext0:
  69              		.file 2 "c:\\program files (x86)\\cypress\\psoc creator\\4.4\\psoc creator\\import\\gnu\\arm\\5.4.
  70              		.file 3 "c:\\program files (x86)\\cypress\\psoc creator\\4.4\\psoc creator\\import\\gnu\\arm\\5.4.
  71              		.file 4 "Generated_Source\\PSoC5/ErikaOS_1_common_ee_types.inc"
  72              		.file 5 "Generated_Source\\PSoC5/ErikaOS_1_cortex_mx_ee_cpu.inc"
  73              		.file 6 ".\\source\\bsw/global.h"
  74              		.file 7 "source\\rte\\sc_joystick_type.h"
  75              		.file 8 "Generated_Source\\PSoC5/ErikaOS_1_ee_oo_intfunc.inc"
  76              		.file 9 "Generated_Source\\PSoC5/ErikaOS_1_cortex_mx_ee_context.inc"
  77              		.file 10 "Generated_Source\\PSoC5/ErikaOS_1_common_ee_primitives.inc"
  78              		.file 11 "Generated_Source\\PSoC5/core_cm3.h"
  79              		.file 12 ".\\source\\bsw/joystick.h"
  80              		.section	.debug_info,"",%progbits
  81              	.Ldebug_info0:
  82 0000 83020000 		.4byte	0x283
  83 0004 0400     		.2byte	0x4
  84 0006 00000000 		.4byte	.Ldebug_abbrev0
  85 000a 04       		.byte	0x4
  86 000b 01       		.uleb128 0x1
  87 000c 8A020000 		.4byte	.LASF58
  88 0010 0C       		.byte	0xc
  89 0011 3A030000 		.4byte	.LASF59
  90 0015 C7030000 		.4byte	.LASF60
  91 0019 00000000 		.4byte	.Ldebug_ranges0+0
  92 001d 00000000 		.4byte	0
  93 0021 00000000 		.4byte	.Ldebug_line0
  94 0025 02       		.uleb128 0x2
  95 0026 01       		.byte	0x1
  96 0027 06       		.byte	0x6
  97 0028 0C020000 		.4byte	.LASF0
  98 002c 02       		.uleb128 0x2
  99 002d 01       		.byte	0x1
 100 002e 08       		.byte	0x8
 101 002f EB010000 		.4byte	.LASF1
 102 0033 02       		.uleb128 0x2
 103 0034 02       		.byte	0x2
 104 0035 05       		.byte	0x5
 105 0036 39000000 		.4byte	.LASF2
 106 003a 02       		.uleb128 0x2
 107 003b 02       		.byte	0x2
 108 003c 07       		.byte	0x7
 109 003d 77020000 		.4byte	.LASF3
 110 0041 03       		.uleb128 0x3
 111 0042 BD030000 		.4byte	.LASF9
 112 0046 02       		.byte	0x2
ARM GAS  C:\Users\giris\AppData\Local\Temp\ccir2AMe.s 			page 4


 113 0047 3F       		.byte	0x3f
 114 0048 4C000000 		.4byte	0x4c
 115 004c 02       		.uleb128 0x2
 116 004d 04       		.byte	0x4
 117 004e 05       		.byte	0x5
 118 004f 7E010000 		.4byte	.LASF4
 119 0053 02       		.uleb128 0x2
 120 0054 04       		.byte	0x4
 121 0055 07       		.byte	0x7
 122 0056 8A030000 		.4byte	.LASF5
 123 005a 02       		.uleb128 0x2
 124 005b 08       		.byte	0x8
 125 005c 05       		.byte	0x5
 126 005d 39010000 		.4byte	.LASF6
 127 0061 02       		.uleb128 0x2
 128 0062 08       		.byte	0x8
 129 0063 07       		.byte	0x7
 130 0064 18020000 		.4byte	.LASF7
 131 0068 04       		.uleb128 0x4
 132 0069 04       		.byte	0x4
 133 006a 05       		.byte	0x5
 134 006b 696E7400 		.ascii	"int\000"
 135 006f 02       		.uleb128 0x2
 136 0070 04       		.byte	0x4
 137 0071 07       		.byte	0x7
 138 0072 2F020000 		.4byte	.LASF8
 139 0076 03       		.uleb128 0x3
 140 0077 32030000 		.4byte	.LASF10
 141 007b 03       		.byte	0x3
 142 007c 2C       		.byte	0x2c
 143 007d 41000000 		.4byte	0x41
 144 0081 02       		.uleb128 0x2
 145 0082 04       		.byte	0x4
 146 0083 04       		.byte	0x4
 147 0084 01010000 		.4byte	.LASF11
 148 0088 02       		.uleb128 0x2
 149 0089 08       		.byte	0x8
 150 008a 04       		.byte	0x4
 151 008b 9C030000 		.4byte	.LASF12
 152 008f 02       		.uleb128 0x2
 153 0090 01       		.byte	0x1
 154 0091 08       		.byte	0x8
 155 0092 18030000 		.4byte	.LASF13
 156 0096 02       		.uleb128 0x2
 157 0097 08       		.byte	0x8
 158 0098 04       		.byte	0x4
 159 0099 DF010000 		.4byte	.LASF14
 160 009d 03       		.uleb128 0x3
 161 009e 6E020000 		.4byte	.LASF15
 162 00a2 04       		.byte	0x4
 163 00a3 53       		.byte	0x53
 164 00a4 68000000 		.4byte	0x68
 165 00a8 03       		.uleb128 0x3
 166 00a9 9C000000 		.4byte	.LASF16
 167 00ad 04       		.byte	0x4
 168 00ae 54       		.byte	0x54
 169 00af 6F000000 		.4byte	0x6f
ARM GAS  C:\Users\giris\AppData\Local\Temp\ccir2AMe.s 			page 5


 170 00b3 03       		.uleb128 0x3
 171 00b4 B5030000 		.4byte	.LASF17
 172 00b8 05       		.byte	0x5
 173 00b9 4D       		.byte	0x4d
 174 00ba A8000000 		.4byte	0xa8
 175 00be 03       		.uleb128 0x3
 176 00bf 80000000 		.4byte	.LASF18
 177 00c3 05       		.byte	0x5
 178 00c4 4F       		.byte	0x4f
 179 00c5 A8000000 		.4byte	0xa8
 180 00c9 03       		.uleb128 0x3
 181 00ca A6000000 		.4byte	.LASF19
 182 00ce 05       		.byte	0x5
 183 00cf 78       		.byte	0x78
 184 00d0 9D000000 		.4byte	0x9d
 185 00d4 02       		.uleb128 0x2
 186 00d5 04       		.byte	0x4
 187 00d6 07       		.byte	0x7
 188 00d7 69000000 		.4byte	.LASF20
 189 00db 03       		.uleb128 0x3
 190 00dc 77040000 		.4byte	.LASF21
 191 00e0 06       		.byte	0x6
 192 00e1 90       		.byte	0x90
 193 00e2 25000000 		.4byte	0x25
 194 00e6 05       		.uleb128 0x5
 195 00e7 01       		.byte	0x1
 196 00e8 25000000 		.4byte	0x25
 197 00ec 06       		.byte	0x6
 198 00ed CF       		.byte	0xcf
 199 00ee 8F010000 		.4byte	0x18f
 200 00f2 06       		.uleb128 0x6
 201 00f3 1A000000 		.4byte	.LASF22
 202 00f7 00       		.byte	0
 203 00f8 07       		.uleb128 0x7
 204 00f9 2B040000 		.4byte	.LASF23
 205 00fd 7F       		.sleb128 -1
 206 00fe 07       		.uleb128 0x7
 207 00ff 4A020000 		.4byte	.LASF24
 208 0103 7E       		.sleb128 -2
 209 0104 07       		.uleb128 0x7
 210 0105 72000000 		.4byte	.LASF25
 211 0109 7D       		.sleb128 -3
 212 010a 07       		.uleb128 0x7
 213 010b 4A040000 		.4byte	.LASF26
 214 010f 7C       		.sleb128 -4
 215 0110 07       		.uleb128 0x7
 216 0111 F2000000 		.4byte	.LASF27
 217 0115 7B       		.sleb128 -5
 218 0116 07       		.uleb128 0x7
 219 0117 43000000 		.4byte	.LASF28
 220 011b 7A       		.sleb128 -6
 221 011c 07       		.uleb128 0x7
 222 011d 87010000 		.4byte	.LASF29
 223 0121 79       		.sleb128 -7
 224 0122 07       		.uleb128 0x7
 225 0123 1D030000 		.4byte	.LASF30
 226 0127 78       		.sleb128 -8
ARM GAS  C:\Users\giris\AppData\Local\Temp\ccir2AMe.s 			page 6


 227 0128 07       		.uleb128 0x7
 228 0129 58020000 		.4byte	.LASF31
 229 012d 77       		.sleb128 -9
 230 012e 07       		.uleb128 0x7
 231 012f 99010000 		.4byte	.LASF32
 232 0133 76       		.sleb128 -10
 233 0134 07       		.uleb128 0x7
 234 0135 7F040000 		.4byte	.LASF33
 235 0139 75       		.sleb128 -11
 236 013a 07       		.uleb128 0x7
 237 013b 3C020000 		.4byte	.LASF34
 238 013f 74       		.sleb128 -12
 239 0140 07       		.uleb128 0x7
 240 0141 A3030000 		.4byte	.LASF35
 241 0145 73       		.sleb128 -13
 242 0146 07       		.uleb128 0x7
 243 0147 07000000 		.4byte	.LASF36
 244 014b 72       		.sleb128 -14
 245 014c 07       		.uleb128 0x7
 246 014d 25000000 		.4byte	.LASF37
 247 0151 71       		.sleb128 -15
 248 0152 07       		.uleb128 0x7
 249 0153 A7010000 		.4byte	.LASF38
 250 0157 70       		.sleb128 -16
 251 0158 07       		.uleb128 0x7
 252 0159 88000000 		.4byte	.LASF39
 253 015d 6F       		.sleb128 -17
 254 015e 07       		.uleb128 0x7
 255 015f 54000000 		.4byte	.LASF40
 256 0163 6E       		.sleb128 -18
 257 0164 07       		.uleb128 0x7
 258 0165 5A010000 		.4byte	.LASF41
 259 0169 6D       		.sleb128 -19
 260 016a 07       		.uleb128 0x7
 261 016b 58030000 		.4byte	.LASF42
 262 016f 6C       		.sleb128 -20
 263 0170 07       		.uleb128 0x7
 264 0171 B8010000 		.4byte	.LASF43
 265 0175 6B       		.sleb128 -21
 266 0176 07       		.uleb128 0x7
 267 0177 0C040000 		.4byte	.LASF44
 268 017b 6A       		.sleb128 -22
 269 017c 07       		.uleb128 0x7
 270 017d AD000000 		.4byte	.LASF45
 271 0181 69       		.sleb128 -23
 272 0182 07       		.uleb128 0x7
 273 0183 6D010000 		.4byte	.LASF46
 274 0187 68       		.sleb128 -24
 275 0188 07       		.uleb128 0x7
 276 0189 20010000 		.4byte	.LASF47
 277 018d 67       		.sleb128 -25
 278 018e 00       		.byte	0
 279 018f 03       		.uleb128 0x3
 280 0190 72040000 		.4byte	.LASF48
 281 0194 06       		.byte	0x6
 282 0195 EA       		.byte	0xea
 283 0196 E6000000 		.4byte	0xe6
ARM GAS  C:\Users\giris\AppData\Local\Temp\ccir2AMe.s 			page 7


 284 019a 08       		.uleb128 0x8
 285 019b 02       		.byte	0x2
 286 019c 07       		.byte	0x7
 287 019d 21       		.byte	0x21
 288 019e B7010000 		.4byte	0x1b7
 289 01a2 09       		.uleb128 0x9
 290 01a3 7800     		.ascii	"x\000"
 291 01a5 07       		.byte	0x7
 292 01a6 23       		.byte	0x23
 293 01a7 DB000000 		.4byte	0xdb
 294 01ab 00       		.byte	0
 295 01ac 09       		.uleb128 0x9
 296 01ad 7900     		.ascii	"y\000"
 297 01af 07       		.byte	0x7
 298 01b0 24       		.byte	0x24
 299 01b1 DB000000 		.4byte	0xdb
 300 01b5 01       		.byte	0x1
 301 01b6 00       		.byte	0
 302 01b7 03       		.uleb128 0x3
 303 01b8 F9010000 		.4byte	.LASF49
 304 01bc 07       		.byte	0x7
 305 01bd 27       		.byte	0x27
 306 01be 9A010000 		.4byte	0x19a
 307 01c2 0A       		.uleb128 0xa
 308 01c3 CA010000 		.4byte	.LASF61
 309 01c7 01       		.byte	0x1
 310 01c8 29       		.byte	0x29
 311 01c9 8F010000 		.4byte	0x18f
 312 01cd 00000000 		.4byte	.LFB110
 313 01d1 2C000000 		.4byte	.LFE110-.LFB110
 314 01d5 01       		.uleb128 0x1
 315 01d6 9C       		.byte	0x9c
 316 01d7 28020000 		.4byte	0x228
 317 01db 0B       		.uleb128 0xb
 318 01dc 6B030000 		.4byte	.LASF62
 319 01e0 01       		.byte	0x1
 320 01e1 29       		.byte	0x29
 321 01e2 2E020000 		.4byte	0x22e
 322 01e6 00000000 		.4byte	.LLST0
 323 01ea 0C       		.uleb128 0xc
 324 01eb 70030000 		.4byte	.LASF50
 325 01ef 01       		.byte	0x1
 326 01f0 2D       		.byte	0x2d
 327 01f1 DB000000 		.4byte	0xdb
 328 01f5 02       		.uleb128 0x2
 329 01f6 91       		.byte	0x91
 330 01f7 6F       		.sleb128 -17
 331 01f8 0C       		.uleb128 0xc
 332 01f9 7D030000 		.4byte	.LASF51
 333 01fd 01       		.byte	0x1
 334 01fe 2E       		.byte	0x2e
 335 01ff DB000000 		.4byte	0xdb
 336 0203 02       		.uleb128 0x2
 337 0204 91       		.byte	0x91
 338 0205 6E       		.sleb128 -18
 339 0206 0D       		.uleb128 0xd
 340 0207 00000000 		.4byte	.LASF63
ARM GAS  C:\Users\giris\AppData\Local\Temp\ccir2AMe.s 			page 8


 341 020b 01       		.byte	0x1
 342 020c 32       		.byte	0x32
 343 020d 8F010000 		.4byte	0x18f
 344 0211 0E       		.uleb128 0xe
 345 0212 1A000000 		.4byte	.LVL2
 346 0216 7B020000 		.4byte	0x27b
 347 021a 0F       		.uleb128 0xf
 348 021b 01       		.uleb128 0x1
 349 021c 50       		.byte	0x50
 350 021d 02       		.uleb128 0x2
 351 021e 91       		.byte	0x91
 352 021f 6F       		.sleb128 -17
 353 0220 0F       		.uleb128 0xf
 354 0221 01       		.uleb128 0x1
 355 0222 51       		.byte	0x51
 356 0223 02       		.uleb128 0x2
 357 0224 91       		.byte	0x91
 358 0225 6E       		.sleb128 -18
 359 0226 00       		.byte	0
 360 0227 00       		.byte	0
 361 0228 10       		.uleb128 0x10
 362 0229 04       		.byte	0x4
 363 022a B7010000 		.4byte	0x1b7
 364 022e 11       		.uleb128 0x11
 365 022f 28020000 		.4byte	0x228
 366 0233 12       		.uleb128 0x12
 367 0234 5A040000 		.4byte	.LASF52
 368 0238 08       		.byte	0x8
 369 0239 40       		.byte	0x40
 370 023a B3000000 		.4byte	0xb3
 371 023e 12       		.uleb128 0x12
 372 023f 07010000 		.4byte	.LASF53
 373 0243 08       		.byte	0x8
 374 0244 47       		.byte	0x47
 375 0245 BE000000 		.4byte	0xbe
 376 0249 12       		.uleb128 0x12
 377 024a 47010000 		.4byte	.LASF54
 378 024e 08       		.byte	0x8
 379 024f 4A       		.byte	0x4a
 380 0250 B3000000 		.4byte	0xb3
 381 0254 12       		.uleb128 0x12
 382 0255 D9000000 		.4byte	.LASF55
 383 0259 09       		.byte	0x9
 384 025a 48       		.byte	0x48
 385 025b C9000000 		.4byte	0xc9
 386 025f 12       		.uleb128 0x12
 387 0260 C4000000 		.4byte	.LASF56
 388 0264 0A       		.byte	0xa
 389 0265 44       		.byte	0x44
 390 0266 B3000000 		.4byte	0xb3
 391 026a 13       		.uleb128 0x13
 392 026b 1E040000 		.4byte	.LASF57
 393 026f 0B       		.byte	0xb
 394 0270 1207     		.2byte	0x712
 395 0272 76020000 		.4byte	0x276
 396 0276 14       		.uleb128 0x14
 397 0277 76000000 		.4byte	0x76
ARM GAS  C:\Users\giris\AppData\Local\Temp\ccir2AMe.s 			page 9


 398 027b 15       		.uleb128 0x15
 399 027c 34040000 		.4byte	.LASF64
 400 0280 34040000 		.4byte	.LASF64
 401 0284 0C       		.byte	0xc
 402 0285 75       		.byte	0x75
 403 0286 00       		.byte	0
 404              		.section	.debug_abbrev,"",%progbits
 405              	.Ldebug_abbrev0:
 406 0000 01       		.uleb128 0x1
 407 0001 11       		.uleb128 0x11
 408 0002 01       		.byte	0x1
 409 0003 25       		.uleb128 0x25
 410 0004 0E       		.uleb128 0xe
 411 0005 13       		.uleb128 0x13
 412 0006 0B       		.uleb128 0xb
 413 0007 03       		.uleb128 0x3
 414 0008 0E       		.uleb128 0xe
 415 0009 1B       		.uleb128 0x1b
 416 000a 0E       		.uleb128 0xe
 417 000b 55       		.uleb128 0x55
 418 000c 17       		.uleb128 0x17
 419 000d 11       		.uleb128 0x11
 420 000e 01       		.uleb128 0x1
 421 000f 10       		.uleb128 0x10
 422 0010 17       		.uleb128 0x17
 423 0011 00       		.byte	0
 424 0012 00       		.byte	0
 425 0013 02       		.uleb128 0x2
 426 0014 24       		.uleb128 0x24
 427 0015 00       		.byte	0
 428 0016 0B       		.uleb128 0xb
 429 0017 0B       		.uleb128 0xb
 430 0018 3E       		.uleb128 0x3e
 431 0019 0B       		.uleb128 0xb
 432 001a 03       		.uleb128 0x3
 433 001b 0E       		.uleb128 0xe
 434 001c 00       		.byte	0
 435 001d 00       		.byte	0
 436 001e 03       		.uleb128 0x3
 437 001f 16       		.uleb128 0x16
 438 0020 00       		.byte	0
 439 0021 03       		.uleb128 0x3
 440 0022 0E       		.uleb128 0xe
 441 0023 3A       		.uleb128 0x3a
 442 0024 0B       		.uleb128 0xb
 443 0025 3B       		.uleb128 0x3b
 444 0026 0B       		.uleb128 0xb
 445 0027 49       		.uleb128 0x49
 446 0028 13       		.uleb128 0x13
 447 0029 00       		.byte	0
 448 002a 00       		.byte	0
 449 002b 04       		.uleb128 0x4
 450 002c 24       		.uleb128 0x24
 451 002d 00       		.byte	0
 452 002e 0B       		.uleb128 0xb
 453 002f 0B       		.uleb128 0xb
 454 0030 3E       		.uleb128 0x3e
ARM GAS  C:\Users\giris\AppData\Local\Temp\ccir2AMe.s 			page 10


 455 0031 0B       		.uleb128 0xb
 456 0032 03       		.uleb128 0x3
 457 0033 08       		.uleb128 0x8
 458 0034 00       		.byte	0
 459 0035 00       		.byte	0
 460 0036 05       		.uleb128 0x5
 461 0037 04       		.uleb128 0x4
 462 0038 01       		.byte	0x1
 463 0039 0B       		.uleb128 0xb
 464 003a 0B       		.uleb128 0xb
 465 003b 49       		.uleb128 0x49
 466 003c 13       		.uleb128 0x13
 467 003d 3A       		.uleb128 0x3a
 468 003e 0B       		.uleb128 0xb
 469 003f 3B       		.uleb128 0x3b
 470 0040 0B       		.uleb128 0xb
 471 0041 01       		.uleb128 0x1
 472 0042 13       		.uleb128 0x13
 473 0043 00       		.byte	0
 474 0044 00       		.byte	0
 475 0045 06       		.uleb128 0x6
 476 0046 28       		.uleb128 0x28
 477 0047 00       		.byte	0
 478 0048 03       		.uleb128 0x3
 479 0049 0E       		.uleb128 0xe
 480 004a 1C       		.uleb128 0x1c
 481 004b 0B       		.uleb128 0xb
 482 004c 00       		.byte	0
 483 004d 00       		.byte	0
 484 004e 07       		.uleb128 0x7
 485 004f 28       		.uleb128 0x28
 486 0050 00       		.byte	0
 487 0051 03       		.uleb128 0x3
 488 0052 0E       		.uleb128 0xe
 489 0053 1C       		.uleb128 0x1c
 490 0054 0D       		.uleb128 0xd
 491 0055 00       		.byte	0
 492 0056 00       		.byte	0
 493 0057 08       		.uleb128 0x8
 494 0058 13       		.uleb128 0x13
 495 0059 01       		.byte	0x1
 496 005a 0B       		.uleb128 0xb
 497 005b 0B       		.uleb128 0xb
 498 005c 3A       		.uleb128 0x3a
 499 005d 0B       		.uleb128 0xb
 500 005e 3B       		.uleb128 0x3b
 501 005f 0B       		.uleb128 0xb
 502 0060 01       		.uleb128 0x1
 503 0061 13       		.uleb128 0x13
 504 0062 00       		.byte	0
 505 0063 00       		.byte	0
 506 0064 09       		.uleb128 0x9
 507 0065 0D       		.uleb128 0xd
 508 0066 00       		.byte	0
 509 0067 03       		.uleb128 0x3
 510 0068 08       		.uleb128 0x8
 511 0069 3A       		.uleb128 0x3a
ARM GAS  C:\Users\giris\AppData\Local\Temp\ccir2AMe.s 			page 11


 512 006a 0B       		.uleb128 0xb
 513 006b 3B       		.uleb128 0x3b
 514 006c 0B       		.uleb128 0xb
 515 006d 49       		.uleb128 0x49
 516 006e 13       		.uleb128 0x13
 517 006f 38       		.uleb128 0x38
 518 0070 0B       		.uleb128 0xb
 519 0071 00       		.byte	0
 520 0072 00       		.byte	0
 521 0073 0A       		.uleb128 0xa
 522 0074 2E       		.uleb128 0x2e
 523 0075 01       		.byte	0x1
 524 0076 3F       		.uleb128 0x3f
 525 0077 19       		.uleb128 0x19
 526 0078 03       		.uleb128 0x3
 527 0079 0E       		.uleb128 0xe
 528 007a 3A       		.uleb128 0x3a
 529 007b 0B       		.uleb128 0xb
 530 007c 3B       		.uleb128 0x3b
 531 007d 0B       		.uleb128 0xb
 532 007e 27       		.uleb128 0x27
 533 007f 19       		.uleb128 0x19
 534 0080 49       		.uleb128 0x49
 535 0081 13       		.uleb128 0x13
 536 0082 11       		.uleb128 0x11
 537 0083 01       		.uleb128 0x1
 538 0084 12       		.uleb128 0x12
 539 0085 06       		.uleb128 0x6
 540 0086 40       		.uleb128 0x40
 541 0087 18       		.uleb128 0x18
 542 0088 9742     		.uleb128 0x2117
 543 008a 19       		.uleb128 0x19
 544 008b 01       		.uleb128 0x1
 545 008c 13       		.uleb128 0x13
 546 008d 00       		.byte	0
 547 008e 00       		.byte	0
 548 008f 0B       		.uleb128 0xb
 549 0090 05       		.uleb128 0x5
 550 0091 00       		.byte	0
 551 0092 03       		.uleb128 0x3
 552 0093 0E       		.uleb128 0xe
 553 0094 3A       		.uleb128 0x3a
 554 0095 0B       		.uleb128 0xb
 555 0096 3B       		.uleb128 0x3b
 556 0097 0B       		.uleb128 0xb
 557 0098 49       		.uleb128 0x49
 558 0099 13       		.uleb128 0x13
 559 009a 02       		.uleb128 0x2
 560 009b 17       		.uleb128 0x17
 561 009c 00       		.byte	0
 562 009d 00       		.byte	0
 563 009e 0C       		.uleb128 0xc
 564 009f 34       		.uleb128 0x34
 565 00a0 00       		.byte	0
 566 00a1 03       		.uleb128 0x3
 567 00a2 0E       		.uleb128 0xe
 568 00a3 3A       		.uleb128 0x3a
ARM GAS  C:\Users\giris\AppData\Local\Temp\ccir2AMe.s 			page 12


 569 00a4 0B       		.uleb128 0xb
 570 00a5 3B       		.uleb128 0x3b
 571 00a6 0B       		.uleb128 0xb
 572 00a7 49       		.uleb128 0x49
 573 00a8 13       		.uleb128 0x13
 574 00a9 02       		.uleb128 0x2
 575 00aa 18       		.uleb128 0x18
 576 00ab 00       		.byte	0
 577 00ac 00       		.byte	0
 578 00ad 0D       		.uleb128 0xd
 579 00ae 34       		.uleb128 0x34
 580 00af 00       		.byte	0
 581 00b0 03       		.uleb128 0x3
 582 00b1 0E       		.uleb128 0xe
 583 00b2 3A       		.uleb128 0x3a
 584 00b3 0B       		.uleb128 0xb
 585 00b4 3B       		.uleb128 0x3b
 586 00b5 0B       		.uleb128 0xb
 587 00b6 49       		.uleb128 0x49
 588 00b7 13       		.uleb128 0x13
 589 00b8 00       		.byte	0
 590 00b9 00       		.byte	0
 591 00ba 0E       		.uleb128 0xe
 592 00bb 898201   		.uleb128 0x4109
 593 00be 01       		.byte	0x1
 594 00bf 11       		.uleb128 0x11
 595 00c0 01       		.uleb128 0x1
 596 00c1 31       		.uleb128 0x31
 597 00c2 13       		.uleb128 0x13
 598 00c3 00       		.byte	0
 599 00c4 00       		.byte	0
 600 00c5 0F       		.uleb128 0xf
 601 00c6 8A8201   		.uleb128 0x410a
 602 00c9 00       		.byte	0
 603 00ca 02       		.uleb128 0x2
 604 00cb 18       		.uleb128 0x18
 605 00cc 9142     		.uleb128 0x2111
 606 00ce 18       		.uleb128 0x18
 607 00cf 00       		.byte	0
 608 00d0 00       		.byte	0
 609 00d1 10       		.uleb128 0x10
 610 00d2 0F       		.uleb128 0xf
 611 00d3 00       		.byte	0
 612 00d4 0B       		.uleb128 0xb
 613 00d5 0B       		.uleb128 0xb
 614 00d6 49       		.uleb128 0x49
 615 00d7 13       		.uleb128 0x13
 616 00d8 00       		.byte	0
 617 00d9 00       		.byte	0
 618 00da 11       		.uleb128 0x11
 619 00db 26       		.uleb128 0x26
 620 00dc 00       		.byte	0
 621 00dd 49       		.uleb128 0x49
 622 00de 13       		.uleb128 0x13
 623 00df 00       		.byte	0
 624 00e0 00       		.byte	0
 625 00e1 12       		.uleb128 0x12
ARM GAS  C:\Users\giris\AppData\Local\Temp\ccir2AMe.s 			page 13


 626 00e2 34       		.uleb128 0x34
 627 00e3 00       		.byte	0
 628 00e4 03       		.uleb128 0x3
 629 00e5 0E       		.uleb128 0xe
 630 00e6 3A       		.uleb128 0x3a
 631 00e7 0B       		.uleb128 0xb
 632 00e8 3B       		.uleb128 0x3b
 633 00e9 0B       		.uleb128 0xb
 634 00ea 49       		.uleb128 0x49
 635 00eb 13       		.uleb128 0x13
 636 00ec 3F       		.uleb128 0x3f
 637 00ed 19       		.uleb128 0x19
 638 00ee 3C       		.uleb128 0x3c
 639 00ef 19       		.uleb128 0x19
 640 00f0 00       		.byte	0
 641 00f1 00       		.byte	0
 642 00f2 13       		.uleb128 0x13
 643 00f3 34       		.uleb128 0x34
 644 00f4 00       		.byte	0
 645 00f5 03       		.uleb128 0x3
 646 00f6 0E       		.uleb128 0xe
 647 00f7 3A       		.uleb128 0x3a
 648 00f8 0B       		.uleb128 0xb
 649 00f9 3B       		.uleb128 0x3b
 650 00fa 05       		.uleb128 0x5
 651 00fb 49       		.uleb128 0x49
 652 00fc 13       		.uleb128 0x13
 653 00fd 3F       		.uleb128 0x3f
 654 00fe 19       		.uleb128 0x19
 655 00ff 3C       		.uleb128 0x3c
 656 0100 19       		.uleb128 0x19
 657 0101 00       		.byte	0
 658 0102 00       		.byte	0
 659 0103 14       		.uleb128 0x14
 660 0104 35       		.uleb128 0x35
 661 0105 00       		.byte	0
 662 0106 49       		.uleb128 0x49
 663 0107 13       		.uleb128 0x13
 664 0108 00       		.byte	0
 665 0109 00       		.byte	0
 666 010a 15       		.uleb128 0x15
 667 010b 2E       		.uleb128 0x2e
 668 010c 00       		.byte	0
 669 010d 3F       		.uleb128 0x3f
 670 010e 19       		.uleb128 0x19
 671 010f 3C       		.uleb128 0x3c
 672 0110 19       		.uleb128 0x19
 673 0111 6E       		.uleb128 0x6e
 674 0112 0E       		.uleb128 0xe
 675 0113 03       		.uleb128 0x3
 676 0114 0E       		.uleb128 0xe
 677 0115 3A       		.uleb128 0x3a
 678 0116 0B       		.uleb128 0xb
 679 0117 3B       		.uleb128 0x3b
 680 0118 0B       		.uleb128 0xb
 681 0119 00       		.byte	0
 682 011a 00       		.byte	0
ARM GAS  C:\Users\giris\AppData\Local\Temp\ccir2AMe.s 			page 14


 683 011b 00       		.byte	0
 684              		.section	.debug_loc,"",%progbits
 685              	.Ldebug_loc0:
 686              	.LLST0:
 687 0000 00000000 		.4byte	.LVL0
 688 0004 16000000 		.4byte	.LVL1
 689 0008 0100     		.2byte	0x1
 690 000a 50       		.byte	0x50
 691 000b 16000000 		.4byte	.LVL1
 692 000f 2C000000 		.4byte	.LFE110
 693 0013 0100     		.2byte	0x1
 694 0015 55       		.byte	0x55
 695 0016 00000000 		.4byte	0
 696 001a 00000000 		.4byte	0
 697              		.section	.debug_aranges,"",%progbits
 698 0000 1C000000 		.4byte	0x1c
 699 0004 0200     		.2byte	0x2
 700 0006 00000000 		.4byte	.Ldebug_info0
 701 000a 04       		.byte	0x4
 702 000b 00       		.byte	0
 703 000c 0000     		.2byte	0
 704 000e 0000     		.2byte	0
 705 0010 00000000 		.4byte	.LFB110
 706 0014 2C000000 		.4byte	.LFE110-.LFB110
 707 0018 00000000 		.4byte	0
 708 001c 00000000 		.4byte	0
 709              		.section	.debug_ranges,"",%progbits
 710              	.Ldebug_ranges0:
 711 0000 00000000 		.4byte	.LFB110
 712 0004 2C000000 		.4byte	.LFE110
 713 0008 00000000 		.4byte	0
 714 000c 00000000 		.4byte	0
 715              		.section	.debug_line,"",%progbits
 716              	.Ldebug_line0:
 717 0000 5C020000 		.section	.debug_str,"MS",%progbits,1
 717      02004102 
 717      00000201 
 717      FB0E0D00 
 717      01010101 
 718              	.LASF63:
 719 0000 72657375 		.ascii	"result\000"
 719      6C7400
 720              	.LASF36:
 721 0007 52435F45 		.ascii	"RC_ERROR_READ_ONLY\000"
 721      52524F52 
 721      5F524541 
 721      445F4F4E 
 721      4C5900
 722              	.LASF22:
 723 001a 52435F53 		.ascii	"RC_SUCCESS\000"
 723      55434345 
 723      535300
 724              	.LASF37:
 725 0025 52435F45 		.ascii	"RC_ERROR_WRITE_ONLY\000"
 725      52524F52 
 725      5F575249 
 725      54455F4F 
ARM GAS  C:\Users\giris\AppData\Local\Temp\ccir2AMe.s 			page 15


 725      4E4C5900 
 726              	.LASF2:
 727 0039 73686F72 		.ascii	"short int\000"
 727      7420696E 
 727      7400
 728              	.LASF28:
 729 0043 52435F45 		.ascii	"RC_ERROR_OVERRUN\000"
 729      52524F52 
 729      5F4F5645 
 729      5252554E 
 729      00
 730              	.LASF40:
 731 0054 52435F45 		.ascii	"RC_ERROR_WRITE_FAILS\000"
 731      52524F52 
 731      5F575249 
 731      54455F46 
 731      41494C53 
 732              	.LASF20:
 733 0069 73697A65 		.ascii	"sizetype\000"
 733      74797065 
 733      00
 734              	.LASF25:
 735 0072 52435F45 		.ascii	"RC_ERROR_ZERO\000"
 735      52524F52 
 735      5F5A4552 
 735      4F00
 736              	.LASF18:
 737 0080 45455F46 		.ascii	"EE_FREG\000"
 737      52454700 
 738              	.LASF39:
 739 0088 52435F45 		.ascii	"RC_ERROR_READ_FAILS\000"
 739      52524F52 
 739      5F524541 
 739      445F4641 
 739      494C5300 
 740              	.LASF16:
 741 009c 45455F55 		.ascii	"EE_UINT32\000"
 741      494E5433 
 741      3200
 742              	.LASF19:
 743 00a6 45455F54 		.ascii	"EE_TID\000"
 743      494400
 744              	.LASF45:
 745 00ad 52435F45 		.ascii	"RC_ERROR_INVALID_STATE\000"
 745      52524F52 
 745      5F494E56 
 745      414C4944 
 745      5F535441 
 746              	.LASF56:
 747 00c4 45455F49 		.ascii	"EE_IRQ_nesting_level\000"
 747      52515F6E 
 747      65737469 
 747      6E675F6C 
 747      6576656C 
 748              	.LASF55:
 749 00d9 45455F73 		.ascii	"EE_std_endcycle_next_tid\000"
 749      74645F65 
ARM GAS  C:\Users\giris\AppData\Local\Temp\ccir2AMe.s 			page 16


 749      6E646379 
 749      636C655F 
 749      6E657874 
 750              	.LASF27:
 751 00f2 52435F45 		.ascii	"RC_ERROR_RANGE\000"
 751      52524F52 
 751      5F52414E 
 751      474500
 752              	.LASF11:
 753 0101 666C6F61 		.ascii	"float\000"
 753      7400
 754              	.LASF53:
 755 0107 45455F6F 		.ascii	"EE_oo_IRQ_suspend_status\000"
 755      6F5F4952 
 755      515F7375 
 755      7370656E 
 755      645F7374 
 756              	.LASF47:
 757 0120 52435F45 		.ascii	"RC_ERROR_NOT_IMPLEMENTED\000"
 757      52524F52 
 757      5F4E4F54 
 757      5F494D50 
 757      4C454D45 
 758              	.LASF6:
 759 0139 6C6F6E67 		.ascii	"long long int\000"
 759      206C6F6E 
 759      6720696E 
 759      7400
 760              	.LASF54:
 761 0147 45455F41 		.ascii	"EE_ApplicationMode\000"
 761      70706C69 
 761      63617469 
 761      6F6E4D6F 
 761      646500
 762              	.LASF41:
 763 015a 52435F45 		.ascii	"RC_ERROR_NOT_MATCH\000"
 763      52524F52 
 763      5F4E4F54 
 763      5F4D4154 
 763      434800
 764              	.LASF46:
 765 016d 52435F45 		.ascii	"RC_ERROR_UNKNOWN\000"
 765      52524F52 
 765      5F554E4B 
 765      4E4F574E 
 765      00
 766              	.LASF4:
 767 017e 6C6F6E67 		.ascii	"long int\000"
 767      20696E74 
 767      00
 768              	.LASF29:
 769 0187 52435F45 		.ascii	"RC_ERROR_UNDERRUN\000"
 769      52524F52 
 769      5F554E44 
 769      45525255 
 769      4E00
 770              	.LASF32:
ARM GAS  C:\Users\giris\AppData\Local\Temp\ccir2AMe.s 			page 17


 771 0199 52435F45 		.ascii	"RC_ERROR_BUSY\000"
 771      52524F52 
 771      5F425553 
 771      5900
 772              	.LASF38:
 773 01a7 52435F45 		.ascii	"RC_ERROR_INVALID\000"
 773      52524F52 
 773      5F494E56 
 773      414C4944 
 773      00
 774              	.LASF43:
 775 01b8 52435F45 		.ascii	"RC_ERROR_BAD_DATA\000"
 775      52524F52 
 775      5F424144 
 775      5F444154 
 775      4100
 776              	.LASF61:
 777 01ca 53435F4A 		.ascii	"SC_JOYSTICK_driverIn\000"
 777      4F595354 
 777      49434B5F 
 777      64726976 
 777      6572496E 
 778              	.LASF14:
 779 01df 6C6F6E67 		.ascii	"long double\000"
 779      20646F75 
 779      626C6500 
 780              	.LASF1:
 781 01eb 756E7369 		.ascii	"unsigned char\000"
 781      676E6564 
 781      20636861 
 781      7200
 782              	.LASF49:
 783 01f9 53435F4A 		.ascii	"SC_JOYSTICK_data_t\000"
 783      4F595354 
 783      49434B5F 
 783      64617461 
 783      5F7400
 784              	.LASF0:
 785 020c 7369676E 		.ascii	"signed char\000"
 785      65642063 
 785      68617200 
 786              	.LASF7:
 787 0218 6C6F6E67 		.ascii	"long long unsigned int\000"
 787      206C6F6E 
 787      6720756E 
 787      7369676E 
 787      65642069 
 788              	.LASF8:
 789 022f 756E7369 		.ascii	"unsigned int\000"
 789      676E6564 
 789      20696E74 
 789      00
 790              	.LASF34:
 791 023c 52435F45 		.ascii	"RC_ERROR_OPEN\000"
 791      52524F52 
 791      5F4F5045 
 791      4E00
ARM GAS  C:\Users\giris\AppData\Local\Temp\ccir2AMe.s 			page 18


 792              	.LASF24:
 793 024a 52435F45 		.ascii	"RC_ERROR_NULL\000"
 793      52524F52 
 793      5F4E554C 
 793      4C00
 794              	.LASF31:
 795 0258 52435F45 		.ascii	"RC_ERROR_BUFFER_EMTPY\000"
 795      52524F52 
 795      5F425546 
 795      4645525F 
 795      454D5450 
 796              	.LASF15:
 797 026e 45455F49 		.ascii	"EE_INT32\000"
 797      4E543332 
 797      00
 798              	.LASF3:
 799 0277 73686F72 		.ascii	"short unsigned int\000"
 799      7420756E 
 799      7369676E 
 799      65642069 
 799      6E7400
 800              	.LASF58:
 801 028a 474E5520 		.ascii	"GNU C11 5.4.1 20160609 (release) [ARM/embedded-5-br"
 801      43313120 
 801      352E342E 
 801      31203230 
 801      31363036 
 802 02bd 616E6368 		.ascii	"anch revision 237715] -mcpu=cortex-m3 -mthumb -g -O"
 802      20726576 
 802      6973696F 
 802      6E203233 
 802      37373135 
 803 02f0 67202D66 		.ascii	"g -ffunction-sections -ffat-lto-objects\000"
 803      66756E63 
 803      74696F6E 
 803      2D736563 
 803      74696F6E 
 804              	.LASF13:
 805 0318 63686172 		.ascii	"char\000"
 805      00
 806              	.LASF30:
 807 031d 52435F45 		.ascii	"RC_ERROR_BUFFER_FULL\000"
 807      52524F52 
 807      5F425546 
 807      4645525F 
 807      46554C4C 
 808              	.LASF10:
 809 0332 696E7433 		.ascii	"int32_t\000"
 809      325F7400 
 810              	.LASF59:
 811 033a 736F7572 		.ascii	"source\\rte\\sc_joystick_type.c\000"
 811      63655C72 
 811      74655C73 
 811      635F6A6F 
 811      79737469 
 812              	.LASF42:
 813 0358 52435F45 		.ascii	"RC_ERROR_BAD_PARAM\000"
ARM GAS  C:\Users\giris\AppData\Local\Temp\ccir2AMe.s 			page 19


 813      52524F52 
 813      5F424144 
 813      5F504152 
 813      414D00
 814              	.LASF62:
 815 036b 64617461 		.ascii	"data\000"
 815      00
 816              	.LASF50:
 817 0370 686F7269 		.ascii	"horizontal_x\000"
 817      7A6F6E74 
 817      616C5F78 
 817      00
 818              	.LASF51:
 819 037d 686F7269 		.ascii	"horizontal_y\000"
 819      7A6F6E74 
 819      616C5F79 
 819      00
 820              	.LASF5:
 821 038a 6C6F6E67 		.ascii	"long unsigned int\000"
 821      20756E73 
 821      69676E65 
 821      6420696E 
 821      7400
 822              	.LASF12:
 823 039c 646F7562 		.ascii	"double\000"
 823      6C6500
 824              	.LASF35:
 825 03a3 52435F45 		.ascii	"RC_ERROR_CHECKSUM\000"
 825      52524F52 
 825      5F434845 
 825      434B5355 
 825      4D00
 826              	.LASF17:
 827 03b5 45455F55 		.ascii	"EE_UREG\000"
 827      52454700 
 828              	.LASF9:
 829 03bd 5F5F696E 		.ascii	"__int32_t\000"
 829      7433325F 
 829      7400
 830              	.LASF60:
 831 03c7 433A5C55 		.ascii	"C:\\Users\\giris\\OneDrive\\Documents\\PSoC Creator"
 831      73657273 
 831      5C676972 
 831      69735C4F 
 831      6E654472 
 832 03f5 5C454141 		.ascii	"\\EAA\\Assignment1.cydsn\000"
 832      5C417373 
 832      69676E6D 
 832      656E7431 
 832      2E637964 
 833              	.LASF44:
 834 040c 52435F45 		.ascii	"RC_ERROR_CANCELED\000"
 834      52524F52 
 834      5F43414E 
 834      43454C45 
 834      4400
 835              	.LASF57:
ARM GAS  C:\Users\giris\AppData\Local\Temp\ccir2AMe.s 			page 20


 836 041e 49544D5F 		.ascii	"ITM_RxBuffer\000"
 836      52784275 
 836      66666572 
 836      00
 837              	.LASF23:
 838 042b 52435F45 		.ascii	"RC_ERROR\000"
 838      52524F52 
 838      00
 839              	.LASF64:
 840 0434 4A4F5953 		.ascii	"JOYSTICK_ReadPosition\000"
 840      5449434B 
 840      5F526561 
 840      64506F73 
 840      6974696F 
 841              	.LASF26:
 842 044a 52435F45 		.ascii	"RC_ERROR_MEMORY\000"
 842      52524F52 
 842      5F4D454D 
 842      4F525900 
 843              	.LASF52:
 844 045a 45455F6F 		.ascii	"EE_oo_IRQ_disable_count\000"
 844      6F5F4952 
 844      515F6469 
 844      7361626C 
 844      655F636F 
 845              	.LASF48:
 846 0472 52435F74 		.ascii	"RC_t\000"
 846      00
 847              	.LASF21:
 848 0477 73696E74 		.ascii	"sint8_t\000"
 848      385F7400 
 849              	.LASF33:
 850 047f 52435F45 		.ascii	"RC_ERROR_TIME_OUT\000"
 850      52524F52 
 850      5F54494D 
 850      455F4F55 
 850      5400
 851              		.ident	"GCC: (GNU Tools for ARM Embedded Processors) 5.4.1 20160609 (release) [ARM/embedded-5-bran
